  [1m[35m (0.1ms)[0m  [1m[34mSELECT sqlite_version(*)[0m
  ‚Ü≥ bin/rails:9
  [1m[35m (6.1ms)[0m  [1m[35mCREATE TABLE "schema_migrations" ("version" varchar NOT NULL PRIMARY KEY)[0m
  ‚Ü≥ bin/rails:9
  [1m[35m (4.5ms)[0m  [1m[35mCREATE TABLE "ar_internal_metadata" ("key" varchar NOT NULL PRIMARY KEY, "value" varchar, "created_at" datetime NOT NULL, "updated_at" datetime NOT NULL)[0m
  ‚Ü≥ bin/rails:9
  [1m[35m (0.1ms)[0m  [1m[34mSELECT "schema_migrations"."version" FROM "schema_migrations" ORDER BY "schema_migrations"."version" ASC[0m
  ‚Ü≥ bin/rails:9
Migrating to DeviseCreateMembers (20210610062302)
  [1m[35m (3.3ms)[0m  [1m[36mbegin transaction[0m
  ‚Ü≥ bin/rails:9
  [1m[35m (1.8ms)[0m  [1m[35mCREATE TABLE "members" ("id" integer PRIMARY KEY AUTOINCREMENT NOT NULL, "email" varchar DEFAULT '' NOT NULL, "encrypted_password" varchar DEFAULT '' NOT NULL, "first_name" varchar NOT NULL, "last_name" varchar NOT NULL, "first_name_kana" varchar NOT NULL, "last_name_kana" varchar NOT NULL, "telephone_number" varchar NOT NULL, "is_deleted" boolean DEFAULT 0 NOT NULL, "reset_password_token" varchar, "reset_password_sent_at" datetime, "remember_created_at" datetime, "created_at" datetime NOT NULL, "updated_at" datetime NOT NULL)[0m
  ‚Ü≥ db/migrate/20210610062302_devise_create_members.rb:5
  [1m[35m (0.2ms)[0m  [1m[35mCREATE UNIQUE INDEX "index_members_on_email" ON "members" ("email")[0m
  ‚Ü≥ db/migrate/20210610062302_devise_create_members.rb:44
  [1m[35m (0.1ms)[0m  [1m[35mCREATE UNIQUE INDEX "index_members_on_reset_password_token" ON "members" ("reset_password_token")[0m
  ‚Ü≥ db/migrate/20210610062302_devise_create_members.rb:45
  [1m[36mActiveRecord::SchemaMigration Create (0.1ms)[0m  [1m[32mINSERT INTO "schema_migrations" ("version") VALUES (?)[0m  [["version", "20210610062302"]]
  ‚Ü≥ bin/rails:9
  [1m[35m (5.8ms)[0m  [1m[36mcommit transaction[0m
  ‚Ü≥ bin/rails:9
Migrating to DeviseCreateAdmins (20210610062407)
  [1m[35m (0.0ms)[0m  [1m[36mbegin transaction[0m
  ‚Ü≥ bin/rails:9
  [1m[35m (0.7ms)[0m  [1m[35mCREATE TABLE "admins" ("id" integer PRIMARY KEY AUTOINCREMENT NOT NULL, "email" varchar DEFAULT '' NOT NULL, "encrypted_password" varchar DEFAULT '' NOT NULL, "reset_password_token" varchar, "reset_password_sent_at" datetime, "remember_created_at" datetime, "created_at" datetime NOT NULL, "updated_at" datetime NOT NULL)[0m
  ‚Ü≥ db/migrate/20210610062407_devise_create_admins.rb:5
  [1m[35m (0.2ms)[0m  [1m[35mCREATE UNIQUE INDEX "index_admins_on_email" ON "admins" ("email")[0m
  ‚Ü≥ db/migrate/20210610062407_devise_create_admins.rb:39
  [1m[35m (0.1ms)[0m  [1m[35mCREATE UNIQUE INDEX "index_admins_on_reset_password_token" ON "admins" ("reset_password_token")[0m
  ‚Ü≥ db/migrate/20210610062407_devise_create_admins.rb:40
  [1m[36mActiveRecord::SchemaMigration Create (0.6ms)[0m  [1m[32mINSERT INTO "schema_migrations" ("version") VALUES (?)[0m  [["version", "20210610062407"]]
  ‚Ü≥ bin/rails:9
  [1m[35m (4.9ms)[0m  [1m[36mcommit transaction[0m
  ‚Ü≥ bin/rails:9
  [1m[36mActiveRecord::InternalMetadata Load (0.1ms)[0m  [1m[34mSELECT  "ar_internal_metadata".* FROM "ar_internal_metadata" WHERE "ar_internal_metadata"."key" = ? LIMIT ?[0m  [["key", "environment"], ["LIMIT", 1]]
  ‚Ü≥ bin/rails:9
  [1m[35m (0.0ms)[0m  [1m[36mbegin transaction[0m
  ‚Ü≥ bin/rails:9
  [1m[36mActiveRecord::InternalMetadata Create (4.5ms)[0m  [1m[32mINSERT INTO "ar_internal_metadata" ("key", "value", "created_at", "updated_at") VALUES (?, ?, ?, ?)[0m  [["key", "environment"], ["value", "development"], ["created_at", "2021-06-10 06:47:54.549987"], ["updated_at", "2021-06-10 06:47:54.549987"]]
  ‚Ü≥ bin/rails:9
  [1m[35m (6.8ms)[0m  [1m[36mcommit transaction[0m
  ‚Ü≥ bin/rails:9
  [1m[35m (0.1ms)[0m  [1m[34mSELECT "schema_migrations"."version" FROM "schema_migrations" ORDER BY "schema_migrations"."version" ASC[0m
  ‚Ü≥ bin/rails:9
  [1m[35m (0.2ms)[0m  [1m[34mSELECT "schema_migrations"."version" FROM "schema_migrations" ORDER BY "schema_migrations"."version" ASC[0m
  ‚Ü≥ bin/rails:9
  [1m[35m (0.1ms)[0m  [1m[34mSELECT "schema_migrations"."version" FROM "schema_migrations" ORDER BY "schema_migrations"."version" ASC[0m
  ‚Ü≥ bin/rails:9
  [1m[35m (0.1ms)[0m  [1m[34mSELECT "schema_migrations"."version" FROM "schema_migrations" ORDER BY "schema_migrations"."version" ASC[0m
  ‚Ü≥ bin/rails:9
Migrating to CreateProjects (20210610090848)
  [1m[35m (0.1ms)[0m  [1m[36mbegin transaction[0m
  ‚Ü≥ bin/rails:9
  [1m[35m (0.1ms)[0m  [1m[34mSELECT sqlite_version(*)[0m
  ‚Ü≥ db/migrate/20210610090848_create_projects.rb:3
  [1m[35m (1.4ms)[0m  [1m[35mCREATE TABLE "projects" ("id" integer PRIMARY KEY AUTOINCREMENT NOT NULL, "genre_id" integer, "name" varchar, "description" text, "price" integer, "image_id" varchar, "is_active" boolean DEFAULT 1, "created_at" datetime NOT NULL, "updated_at" datetime NOT NULL)[0m
  ‚Ü≥ db/migrate/20210610090848_create_projects.rb:3
  [1m[36mActiveRecord::SchemaMigration Create (0.1ms)[0m  [1m[32mINSERT INTO "schema_migrations" ("version") VALUES (?)[0m  [["version", "20210610090848"]]
  ‚Ü≥ bin/rails:9
  [1m[35m (11.6ms)[0m  [1m[36mcommit transaction[0m
  ‚Ü≥ bin/rails:9
Migrating to CreateGenres (20210610091408)
  [1m[35m (0.0ms)[0m  [1m[36mbegin transaction[0m
  ‚Ü≥ bin/rails:9
  [1m[35m (0.7ms)[0m  [1m[35mCREATE TABLE "genres" ("id" integer PRIMARY KEY AUTOINCREMENT NOT NULL, "name" varchar, "is_valid" boolean DEFAULT 0, "created_at" datetime NOT NULL, "updated_at" datetime NOT NULL)[0m
  ‚Ü≥ db/migrate/20210610091408_create_genres.rb:3
  [1m[36mActiveRecord::SchemaMigration Create (0.1ms)[0m  [1m[32mINSERT INTO "schema_migrations" ("version") VALUES (?)[0m  [["version", "20210610091408"]]
  ‚Ü≥ bin/rails:9
  [1m[35m (5.2ms)[0m  [1m[36mcommit transaction[0m
  ‚Ü≥ bin/rails:9
Migrating to CreateRequests (20210610091649)
  [1m[35m (0.0ms)[0m  [1m[36mbegin transaction[0m
  ‚Ü≥ bin/rails:9
  [1m[35m (0.7ms)[0m  [1m[35mCREATE TABLE "requests" ("id" integer PRIMARY KEY AUTOINCREMENT NOT NULL, "member_id" integer, "shipping_cost" integer, "pay_type" integer DEFAULT 0, "total_price" integer, "name" varchar, "buy_status" integer DEFAULT 0, "created_at" datetime NOT NULL, "updated_at" datetime NOT NULL)[0m
  ‚Ü≥ db/migrate/20210610091649_create_requests.rb:3
  [1m[36mActiveRecord::SchemaMigration Create (0.1ms)[0m  [1m[32mINSERT INTO "schema_migrations" ("version") VALUES (?)[0m  [["version", "20210610091649"]]
  ‚Ü≥ bin/rails:9
  [1m[35m (5.2ms)[0m  [1m[36mcommit transaction[0m
  ‚Ü≥ bin/rails:9
Migrating to CreateCartProjects (20210610092116)
  [1m[35m (0.0ms)[0m  [1m[36mbegin transaction[0m
  ‚Ü≥ bin/rails:9
  [1m[35m (0.3ms)[0m  [1m[35mCREATE TABLE "cart_projects" ("id" integer PRIMARY KEY AUTOINCREMENT NOT NULL, "member_id" integer, "project_id" integer, "quantity" integer, "created_at" datetime NOT NULL, "updated_at" datetime NOT NULL)[0m
  ‚Ü≥ db/migrate/20210610092116_create_cart_projects.rb:3
  [1m[36mActiveRecord::SchemaMigration Create (0.1ms)[0m  [1m[32mINSERT INTO "schema_migrations" ("version") VALUES (?)[0m  [["version", "20210610092116"]]
  ‚Ü≥ bin/rails:9
  [1m[35m (5.6ms)[0m  [1m[36mcommit transaction[0m
  ‚Ü≥ bin/rails:9
Migrating to CreateRequestProjects (20210610092919)
  [1m[35m (0.0ms)[0m  [1m[36mbegin transaction[0m
  ‚Ü≥ bin/rails:9
  [1m[35m (0.3ms)[0m  [1m[35mCREATE TABLE "request_projects" ("id" integer PRIMARY KEY AUTOINCREMENT NOT NULL, "request_id" integer, "project_id" integer, "quantity" integer, "make_status" integer DEFAULT 0, "price" integer, "created_at" datetime NOT NULL, "updated_at" datetime NOT NULL)[0m
  ‚Ü≥ db/migrate/20210610092919_create_request_projects.rb:3
  [1m[36mActiveRecord::SchemaMigration Create (0.1ms)[0m  [1m[32mINSERT INTO "schema_migrations" ("version") VALUES (?)[0m  [["version", "20210610092919"]]
  ‚Ü≥ bin/rails:9
  [1m[35m (10.4ms)[0m  [1m[36mcommit transaction[0m
  ‚Ü≥ bin/rails:9
  [1m[36mActiveRecord::InternalMetadata Load (0.2ms)[0m  [1m[34mSELECT  "ar_internal_metadata".* FROM "ar_internal_metadata" WHERE "ar_internal_metadata"."key" = ? LIMIT ?[0m  [["key", "environment"], ["LIMIT", 1]]
  ‚Ü≥ bin/rails:9
  [1m[35m (0.0ms)[0m  [1m[36mbegin transaction[0m
  ‚Ü≥ bin/rails:9
  [1m[35m (0.0ms)[0m  [1m[36mcommit transaction[0m
  ‚Ü≥ bin/rails:9
  [1m[35m (0.1ms)[0m  [1m[34mSELECT "schema_migrations"."version" FROM "schema_migrations" ORDER BY "schema_migrations"."version" ASC[0m
  ‚Ü≥ bin/rails:9
  [1m[35m (0.1ms)[0m  [1m[34mSELECT "schema_migrations"."version" FROM "schema_migrations" ORDER BY "schema_migrations"."version" ASC[0m
  ‚Ü≥ bin/rails:9
Started GET "/" for 153.139.136.16 at 2021-06-12 01:56:40 +0000
Cannot render console from 153.139.136.16! Allowed networks: 127.0.0.1, ::1, 127.0.0.0/127.255.255.255
  [1m[35m (0.1ms)[0m  [1m[34mSELECT "schema_migrations"."version" FROM "schema_migrations" ORDER BY "schema_migrations"."version" ASC[0m
  ‚Ü≥ /home/ec2-user/.rvm/gems/ruby-2.6.3/gems/activerecord-5.2.6/lib/active_record/log_subscriber.rb:98
  
SyntaxError (/home/ec2-user/environment/Portfolio/app/controllers/public/homes_controller.rb:7: syntax error, unexpected end-of-input, expecting end):
  
app/controllers/public/homes_controller.rb:7: syntax error, unexpected end-of-input, expecting end
Started GET "/" for 153.139.136.16 at 2021-06-12 01:56:46 +0000
Cannot render console from 153.139.136.16! Allowed networks: 127.0.0.1, ::1, 127.0.0.0/127.255.255.255
  
SyntaxError (/home/ec2-user/environment/Portfolio/app/controllers/public/homes_controller.rb:7: syntax error, unexpected end-of-input, expecting end):
  
app/controllers/public/homes_controller.rb:7: syntax error, unexpected end-of-input, expecting end
Started GET "/" for 153.139.136.16 at 2021-06-12 01:56:50 +0000
Cannot render console from 153.139.136.16! Allowed networks: 127.0.0.1, ::1, 127.0.0.0/127.255.255.255
  
SyntaxError (/home/ec2-user/environment/Portfolio/app/controllers/public/homes_controller.rb:7: syntax error, unexpected end-of-input, expecting end):
  
app/controllers/public/homes_controller.rb:7: syntax error, unexpected end-of-input, expecting end
Started GET "/" for 153.139.136.16 at 2021-06-12 01:56:55 +0000
Cannot render console from 153.139.136.16! Allowed networks: 127.0.0.1, ::1, 127.0.0.0/127.255.255.255
  
SyntaxError (/home/ec2-user/environment/Portfolio/app/controllers/public/homes_controller.rb:7: syntax error, unexpected end-of-input, expecting end):
  
app/controllers/public/homes_controller.rb:7: syntax error, unexpected end-of-input, expecting end
Started GET "/" for 153.139.136.16 at 2021-06-12 01:57:38 +0000
Cannot render console from 153.139.136.16! Allowed networks: 127.0.0.1, ::1, 127.0.0.0/127.255.255.255
  [1m[35m (0.1ms)[0m  [1m[34mSELECT "schema_migrations"."version" FROM "schema_migrations" ORDER BY "schema_migrations"."version" ASC[0m
  ‚Ü≥ /home/ec2-user/.rvm/gems/ruby-2.6.3/gems/activerecord-5.2.6/lib/active_record/log_subscriber.rb:98
Processing by Public::HomesController#top as HTML
Completed 406 Not Acceptable in 95ms (ActiveRecord: 0.0ms)


  
ActionController::UnknownFormat (Public::HomesController#top is missing a template for this request format and variant.

request.formats: ["text/html"]
request.variant: []

NOTE! For XHR/Ajax or API requests, this action would normally respond with 204 No Content: an empty white screen. Since you're loading it in a web browser, we assume that you expected to actually render a template, not nothing, so we're showing an error to be extra-clear. If you expect 204 No Content, carry on. That's what you'll get from an XHR or API request. Give it a shot.):
  
actionpack (5.2.6) lib/action_controller/metal/implicit_render.rb:55:in `default_render'
actionpack (5.2.6) lib/action_controller/metal/basic_implicit_render.rb:6:in `block in send_action'
actionpack (5.2.6) lib/action_controller/metal/basic_implicit_render.rb:6:in `tap'
actionpack (5.2.6) lib/action_controller/metal/basic_implicit_render.rb:6:in `send_action'
actionpack (5.2.6) lib/abstract_controller/base.rb:194:in `process_action'
actionpack (5.2.6) lib/action_controller/metal/rendering.rb:30:in `process_action'
actionpack (5.2.6) lib/abstract_controller/callbacks.rb:42:in `block in process_action'
activesupport (5.2.6) lib/active_support/callbacks.rb:132:in `run_callbacks'
actionpack (5.2.6) lib/abstract_controller/callbacks.rb:41:in `process_action'
actionpack (5.2.6) lib/action_controller/metal/rescue.rb:22:in `process_action'
actionpack (5.2.6) lib/action_controller/metal/instrumentation.rb:34:in `block in process_action'
activesupport (5.2.6) lib/active_support/notifications.rb:168:in `block in instrument'
activesupport (5.2.6) lib/active_support/notifications/instrumenter.rb:23:in `instrument'
activesupport (5.2.6) lib/active_support/notifications.rb:168:in `instrument'
actionpack (5.2.6) lib/action_controller/metal/instrumentation.rb:32:in `process_action'
actionpack (5.2.6) lib/action_controller/metal/params_wrapper.rb:256:in `process_action'
activerecord (5.2.6) lib/active_record/railties/controller_runtime.rb:24:in `process_action'
actionpack (5.2.6) lib/abstract_controller/base.rb:134:in `process'
actionview (5.2.6) lib/action_view/rendering.rb:32:in `process'
actionpack (5.2.6) lib/action_controller/metal.rb:191:in `dispatch'
actionpack (5.2.6) lib/action_controller/metal.rb:252:in `dispatch'
actionpack (5.2.6) lib/action_dispatch/routing/route_set.rb:52:in `dispatch'
actionpack (5.2.6) lib/action_dispatch/routing/route_set.rb:34:in `serve'
actionpack (5.2.6) lib/action_dispatch/journey/router.rb:52:in `block in serve'
actionpack (5.2.6) lib/action_dispatch/journey/router.rb:35:in `each'
actionpack (5.2.6) lib/action_dispatch/journey/router.rb:35:in `serve'
actionpack (5.2.6) lib/action_dispatch/routing/route_set.rb:840:in `call'
warden (1.2.9) lib/warden/manager.rb:36:in `block in call'
warden (1.2.9) lib/warden/manager.rb:34:in `catch'
warden (1.2.9) lib/warden/manager.rb:34:in `call'
rack (2.2.3) lib/rack/tempfile_reaper.rb:15:in `call'
rack (2.2.3) lib/rack/etag.rb:27:in `call'
rack (2.2.3) lib/rack/conditional_get.rb:27:in `call'
rack (2.2.3) lib/rack/head.rb:12:in `call'
actionpack (5.2.6) lib/action_dispatch/http/content_security_policy.rb:18:in `call'
rack (2.2.3) lib/rack/session/abstract/id.rb:266:in `context'
rack (2.2.3) lib/rack/session/abstract/id.rb:260:in `call'
actionpack (5.2.6) lib/action_dispatch/middleware/cookies.rb:670:in `call'
activerecord (5.2.6) lib/active_record/migration.rb:559:in `call'
actionpack (5.2.6) lib/action_dispatch/middleware/callbacks.rb:28:in `block in call'
activesupport (5.2.6) lib/active_support/callbacks.rb:98:in `run_callbacks'
actionpack (5.2.6) lib/action_dispatch/middleware/callbacks.rb:26:in `call'
actionpack (5.2.6) lib/action_dispatch/middleware/executor.rb:14:in `call'
actionpack (5.2.6) lib/action_dispatch/middleware/debug_exceptions.rb:61:in `call'
web-console (3.7.0) lib/web_console/middleware.rb:135:in `call_app'
web-console (3.7.0) lib/web_console/middleware.rb:22:in `block in call'
web-console (3.7.0) lib/web_console/middleware.rb:20:in `catch'
web-console (3.7.0) lib/web_console/middleware.rb:20:in `call'
actionpack (5.2.6) lib/action_dispatch/middleware/show_exceptions.rb:33:in `call'
railties (5.2.6) lib/rails/rack/logger.rb:38:in `call_app'
railties (5.2.6) lib/rails/rack/logger.rb:26:in `block in call'
activesupport (5.2.6) lib/active_support/tagged_logging.rb:71:in `block in tagged'
activesupport (5.2.6) lib/active_support/tagged_logging.rb:28:in `tagged'
activesupport (5.2.6) lib/active_support/tagged_logging.rb:71:in `tagged'
railties (5.2.6) lib/rails/rack/logger.rb:26:in `call'
sprockets-rails (3.2.2) lib/sprockets/rails/quiet_assets.rb:13:in `call'
actionpack (5.2.6) lib/action_dispatch/middleware/remote_ip.rb:81:in `call'
actionpack (5.2.6) lib/action_dispatch/middleware/request_id.rb:27:in `call'
rack (2.2.3) lib/rack/method_override.rb:24:in `call'
rack (2.2.3) lib/rack/runtime.rb:22:in `call'
activesupport (5.2.6) lib/active_support/cache/strategy/local_cache_middleware.rb:29:in `call'
actionpack (5.2.6) lib/action_dispatch/middleware/executor.rb:14:in `call'
actionpack (5.2.6) lib/action_dispatch/middleware/static.rb:127:in `call'
rack (2.2.3) lib/rack/sendfile.rb:110:in `call'
railties (5.2.6) lib/rails/engine.rb:524:in `call'
puma (3.12.6) lib/puma/configuration.rb:227:in `call'
puma (3.12.6) lib/puma/server.rb:706:in `handle_request'
puma (3.12.6) lib/puma/server.rb:476:in `process_client'
puma (3.12.6) lib/puma/server.rb:334:in `block in run'
puma (3.12.6) lib/puma/thread_pool.rb:135:in `block in spawn_thread'
Started GET "/" for 153.139.136.16 at 2021-06-12 01:57:40 +0000
Cannot render console from 153.139.136.16! Allowed networks: 127.0.0.1, ::1, 127.0.0.0/127.255.255.255
Processing by Public::HomesController#top as HTML
Completed 406 Not Acceptable in 34ms (ActiveRecord: 0.0ms)


  
ActionController::UnknownFormat (Public::HomesController#top is missing a template for this request format and variant.

request.formats: ["text/html"]
request.variant: []

NOTE! For XHR/Ajax or API requests, this action would normally respond with 204 No Content: an empty white screen. Since you're loading it in a web browser, we assume that you expected to actually render a template, not nothing, so we're showing an error to be extra-clear. If you expect 204 No Content, carry on. That's what you'll get from an XHR or API request. Give it a shot.):
  
actionpack (5.2.6) lib/action_controller/metal/implicit_render.rb:55:in `default_render'
actionpack (5.2.6) lib/action_controller/metal/basic_implicit_render.rb:6:in `block in send_action'
actionpack (5.2.6) lib/action_controller/metal/basic_implicit_render.rb:6:in `tap'
actionpack (5.2.6) lib/action_controller/metal/basic_implicit_render.rb:6:in `send_action'
actionpack (5.2.6) lib/abstract_controller/base.rb:194:in `process_action'
actionpack (5.2.6) lib/action_controller/metal/rendering.rb:30:in `process_action'
actionpack (5.2.6) lib/abstract_controller/callbacks.rb:42:in `block in process_action'
activesupport (5.2.6) lib/active_support/callbacks.rb:132:in `run_callbacks'
actionpack (5.2.6) lib/abstract_controller/callbacks.rb:41:in `process_action'
actionpack (5.2.6) lib/action_controller/metal/rescue.rb:22:in `process_action'
actionpack (5.2.6) lib/action_controller/metal/instrumentation.rb:34:in `block in process_action'
activesupport (5.2.6) lib/active_support/notifications.rb:168:in `block in instrument'
activesupport (5.2.6) lib/active_support/notifications/instrumenter.rb:23:in `instrument'
activesupport (5.2.6) lib/active_support/notifications.rb:168:in `instrument'
actionpack (5.2.6) lib/action_controller/metal/instrumentation.rb:32:in `process_action'
actionpack (5.2.6) lib/action_controller/metal/params_wrapper.rb:256:in `process_action'
activerecord (5.2.6) lib/active_record/railties/controller_runtime.rb:24:in `process_action'
actionpack (5.2.6) lib/abstract_controller/base.rb:134:in `process'
actionview (5.2.6) lib/action_view/rendering.rb:32:in `process'
actionpack (5.2.6) lib/action_controller/metal.rb:191:in `dispatch'
actionpack (5.2.6) lib/action_controller/metal.rb:252:in `dispatch'
actionpack (5.2.6) lib/action_dispatch/routing/route_set.rb:52:in `dispatch'
actionpack (5.2.6) lib/action_dispatch/routing/route_set.rb:34:in `serve'
actionpack (5.2.6) lib/action_dispatch/journey/router.rb:52:in `block in serve'
actionpack (5.2.6) lib/action_dispatch/journey/router.rb:35:in `each'
actionpack (5.2.6) lib/action_dispatch/journey/router.rb:35:in `serve'
actionpack (5.2.6) lib/action_dispatch/routing/route_set.rb:840:in `call'
warden (1.2.9) lib/warden/manager.rb:36:in `block in call'
warden (1.2.9) lib/warden/manager.rb:34:in `catch'
warden (1.2.9) lib/warden/manager.rb:34:in `call'
rack (2.2.3) lib/rack/tempfile_reaper.rb:15:in `call'
rack (2.2.3) lib/rack/etag.rb:27:in `call'
rack (2.2.3) lib/rack/conditional_get.rb:27:in `call'
rack (2.2.3) lib/rack/head.rb:12:in `call'
actionpack (5.2.6) lib/action_dispatch/http/content_security_policy.rb:18:in `call'
rack (2.2.3) lib/rack/session/abstract/id.rb:266:in `context'
rack (2.2.3) lib/rack/session/abstract/id.rb:260:in `call'
actionpack (5.2.6) lib/action_dispatch/middleware/cookies.rb:670:in `call'
activerecord (5.2.6) lib/active_record/migration.rb:559:in `call'
actionpack (5.2.6) lib/action_dispatch/middleware/callbacks.rb:28:in `block in call'
activesupport (5.2.6) lib/active_support/callbacks.rb:98:in `run_callbacks'
actionpack (5.2.6) lib/action_dispatch/middleware/callbacks.rb:26:in `call'
actionpack (5.2.6) lib/action_dispatch/middleware/executor.rb:14:in `call'
actionpack (5.2.6) lib/action_dispatch/middleware/debug_exceptions.rb:61:in `call'
web-console (3.7.0) lib/web_console/middleware.rb:135:in `call_app'
web-console (3.7.0) lib/web_console/middleware.rb:22:in `block in call'
web-console (3.7.0) lib/web_console/middleware.rb:20:in `catch'
web-console (3.7.0) lib/web_console/middleware.rb:20:in `call'
actionpack (5.2.6) lib/action_dispatch/middleware/show_exceptions.rb:33:in `call'
railties (5.2.6) lib/rails/rack/logger.rb:38:in `call_app'
railties (5.2.6) lib/rails/rack/logger.rb:26:in `block in call'
activesupport (5.2.6) lib/active_support/tagged_logging.rb:71:in `block in tagged'
activesupport (5.2.6) lib/active_support/tagged_logging.rb:28:in `tagged'
activesupport (5.2.6) lib/active_support/tagged_logging.rb:71:in `tagged'
railties (5.2.6) lib/rails/rack/logger.rb:26:in `call'
sprockets-rails (3.2.2) lib/sprockets/rails/quiet_assets.rb:13:in `call'
actionpack (5.2.6) lib/action_dispatch/middleware/remote_ip.rb:81:in `call'
actionpack (5.2.6) lib/action_dispatch/middleware/request_id.rb:27:in `call'
rack (2.2.3) lib/rack/method_override.rb:24:in `call'
rack (2.2.3) lib/rack/runtime.rb:22:in `call'
activesupport (5.2.6) lib/active_support/cache/strategy/local_cache_middleware.rb:29:in `call'
actionpack (5.2.6) lib/action_dispatch/middleware/executor.rb:14:in `call'
actionpack (5.2.6) lib/action_dispatch/middleware/static.rb:127:in `call'
rack (2.2.3) lib/rack/sendfile.rb:110:in `call'
railties (5.2.6) lib/rails/engine.rb:524:in `call'
puma (3.12.6) lib/puma/configuration.rb:227:in `call'
puma (3.12.6) lib/puma/server.rb:706:in `handle_request'
puma (3.12.6) lib/puma/server.rb:476:in `process_client'
puma (3.12.6) lib/puma/server.rb:334:in `block in run'
puma (3.12.6) lib/puma/thread_pool.rb:135:in `block in spawn_thread'
Started GET "/" for 153.139.136.16 at 2021-06-12 01:59:19 +0000
Cannot render console from 153.139.136.16! Allowed networks: 127.0.0.1, ::1, 127.0.0.0/127.255.255.255
Processing by Public::HomesController#top as HTML
Completed 406 Not Acceptable in 36ms (ActiveRecord: 0.0ms)


  
ActionController::UnknownFormat (Public::HomesController#top is missing a template for this request format and variant.

request.formats: ["text/html"]
request.variant: []

NOTE! For XHR/Ajax or API requests, this action would normally respond with 204 No Content: an empty white screen. Since you're loading it in a web browser, we assume that you expected to actually render a template, not nothing, so we're showing an error to be extra-clear. If you expect 204 No Content, carry on. That's what you'll get from an XHR or API request. Give it a shot.):
  
actionpack (5.2.6) lib/action_controller/metal/implicit_render.rb:55:in `default_render'
actionpack (5.2.6) lib/action_controller/metal/basic_implicit_render.rb:6:in `block in send_action'
actionpack (5.2.6) lib/action_controller/metal/basic_implicit_render.rb:6:in `tap'
actionpack (5.2.6) lib/action_controller/metal/basic_implicit_render.rb:6:in `send_action'
actionpack (5.2.6) lib/abstract_controller/base.rb:194:in `process_action'
actionpack (5.2.6) lib/action_controller/metal/rendering.rb:30:in `process_action'
actionpack (5.2.6) lib/abstract_controller/callbacks.rb:42:in `block in process_action'
activesupport (5.2.6) lib/active_support/callbacks.rb:132:in `run_callbacks'
actionpack (5.2.6) lib/abstract_controller/callbacks.rb:41:in `process_action'
actionpack (5.2.6) lib/action_controller/metal/rescue.rb:22:in `process_action'
actionpack (5.2.6) lib/action_controller/metal/instrumentation.rb:34:in `block in process_action'
activesupport (5.2.6) lib/active_support/notifications.rb:168:in `block in instrument'
activesupport (5.2.6) lib/active_support/notifications/instrumenter.rb:23:in `instrument'
activesupport (5.2.6) lib/active_support/notifications.rb:168:in `instrument'
actionpack (5.2.6) lib/action_controller/metal/instrumentation.rb:32:in `process_action'
actionpack (5.2.6) lib/action_controller/metal/params_wrapper.rb:256:in `process_action'
activerecord (5.2.6) lib/active_record/railties/controller_runtime.rb:24:in `process_action'
actionpack (5.2.6) lib/abstract_controller/base.rb:134:in `process'
actionview (5.2.6) lib/action_view/rendering.rb:32:in `process'
actionpack (5.2.6) lib/action_controller/metal.rb:191:in `dispatch'
actionpack (5.2.6) lib/action_controller/metal.rb:252:in `dispatch'
actionpack (5.2.6) lib/action_dispatch/routing/route_set.rb:52:in `dispatch'
actionpack (5.2.6) lib/action_dispatch/routing/route_set.rb:34:in `serve'
actionpack (5.2.6) lib/action_dispatch/journey/router.rb:52:in `block in serve'
actionpack (5.2.6) lib/action_dispatch/journey/router.rb:35:in `each'
actionpack (5.2.6) lib/action_dispatch/journey/router.rb:35:in `serve'
actionpack (5.2.6) lib/action_dispatch/routing/route_set.rb:840:in `call'
warden (1.2.9) lib/warden/manager.rb:36:in `block in call'
warden (1.2.9) lib/warden/manager.rb:34:in `catch'
warden (1.2.9) lib/warden/manager.rb:34:in `call'
rack (2.2.3) lib/rack/tempfile_reaper.rb:15:in `call'
rack (2.2.3) lib/rack/etag.rb:27:in `call'
rack (2.2.3) lib/rack/conditional_get.rb:27:in `call'
rack (2.2.3) lib/rack/head.rb:12:in `call'
actionpack (5.2.6) lib/action_dispatch/http/content_security_policy.rb:18:in `call'
rack (2.2.3) lib/rack/session/abstract/id.rb:266:in `context'
rack (2.2.3) lib/rack/session/abstract/id.rb:260:in `call'
actionpack (5.2.6) lib/action_dispatch/middleware/cookies.rb:670:in `call'
activerecord (5.2.6) lib/active_record/migration.rb:559:in `call'
actionpack (5.2.6) lib/action_dispatch/middleware/callbacks.rb:28:in `block in call'
activesupport (5.2.6) lib/active_support/callbacks.rb:98:in `run_callbacks'
actionpack (5.2.6) lib/action_dispatch/middleware/callbacks.rb:26:in `call'
actionpack (5.2.6) lib/action_dispatch/middleware/executor.rb:14:in `call'
actionpack (5.2.6) lib/action_dispatch/middleware/debug_exceptions.rb:61:in `call'
web-console (3.7.0) lib/web_console/middleware.rb:135:in `call_app'
web-console (3.7.0) lib/web_console/middleware.rb:22:in `block in call'
web-console (3.7.0) lib/web_console/middleware.rb:20:in `catch'
web-console (3.7.0) lib/web_console/middleware.rb:20:in `call'
actionpack (5.2.6) lib/action_dispatch/middleware/show_exceptions.rb:33:in `call'
railties (5.2.6) lib/rails/rack/logger.rb:38:in `call_app'
railties (5.2.6) lib/rails/rack/logger.rb:26:in `block in call'
activesupport (5.2.6) lib/active_support/tagged_logging.rb:71:in `block in tagged'
activesupport (5.2.6) lib/active_support/tagged_logging.rb:28:in `tagged'
activesupport (5.2.6) lib/active_support/tagged_logging.rb:71:in `tagged'
railties (5.2.6) lib/rails/rack/logger.rb:26:in `call'
sprockets-rails (3.2.2) lib/sprockets/rails/quiet_assets.rb:13:in `call'
actionpack (5.2.6) lib/action_dispatch/middleware/remote_ip.rb:81:in `call'
actionpack (5.2.6) lib/action_dispatch/middleware/request_id.rb:27:in `call'
rack (2.2.3) lib/rack/method_override.rb:24:in `call'
rack (2.2.3) lib/rack/runtime.rb:22:in `call'
activesupport (5.2.6) lib/active_support/cache/strategy/local_cache_middleware.rb:29:in `call'
actionpack (5.2.6) lib/action_dispatch/middleware/executor.rb:14:in `call'
actionpack (5.2.6) lib/action_dispatch/middleware/static.rb:127:in `call'
rack (2.2.3) lib/rack/sendfile.rb:110:in `call'
railties (5.2.6) lib/rails/engine.rb:524:in `call'
puma (3.12.6) lib/puma/configuration.rb:227:in `call'
puma (3.12.6) lib/puma/server.rb:706:in `handle_request'
puma (3.12.6) lib/puma/server.rb:476:in `process_client'
puma (3.12.6) lib/puma/server.rb:334:in `block in run'
puma (3.12.6) lib/puma/thread_pool.rb:135:in `block in spawn_thread'
Started GET "/" for 153.139.136.16 at 2021-06-12 01:59:58 +0000
Cannot render console from 153.139.136.16! Allowed networks: 127.0.0.1, ::1, 127.0.0.0/127.255.255.255
  [1m[35m (0.1ms)[0m  [1m[34mSELECT "schema_migrations"."version" FROM "schema_migrations" ORDER BY "schema_migrations"."version" ASC[0m
  ‚Ü≥ /home/ec2-user/.rvm/gems/ruby-2.6.3/gems/activerecord-5.2.6/lib/active_record/log_subscriber.rb:98
Processing by Public::HomesController#top as HTML
Completed 406 Not Acceptable in 37ms (ActiveRecord: 0.0ms)


  
ActionController::UnknownFormat (Public::HomesController#top is missing a template for this request format and variant.

request.formats: ["text/html"]
request.variant: []

NOTE! For XHR/Ajax or API requests, this action would normally respond with 204 No Content: an empty white screen. Since you're loading it in a web browser, we assume that you expected to actually render a template, not nothing, so we're showing an error to be extra-clear. If you expect 204 No Content, carry on. That's what you'll get from an XHR or API request. Give it a shot.):
  
actionpack (5.2.6) lib/action_controller/metal/implicit_render.rb:55:in `default_render'
actionpack (5.2.6) lib/action_controller/metal/basic_implicit_render.rb:6:in `block in send_action'
actionpack (5.2.6) lib/action_controller/metal/basic_implicit_render.rb:6:in `tap'
actionpack (5.2.6) lib/action_controller/metal/basic_implicit_render.rb:6:in `send_action'
actionpack (5.2.6) lib/abstract_controller/base.rb:194:in `process_action'
actionpack (5.2.6) lib/action_controller/metal/rendering.rb:30:in `process_action'
actionpack (5.2.6) lib/abstract_controller/callbacks.rb:42:in `block in process_action'
activesupport (5.2.6) lib/active_support/callbacks.rb:132:in `run_callbacks'
actionpack (5.2.6) lib/abstract_controller/callbacks.rb:41:in `process_action'
actionpack (5.2.6) lib/action_controller/metal/rescue.rb:22:in `process_action'
actionpack (5.2.6) lib/action_controller/metal/instrumentation.rb:34:in `block in process_action'
activesupport (5.2.6) lib/active_support/notifications.rb:168:in `block in instrument'
activesupport (5.2.6) lib/active_support/notifications/instrumenter.rb:23:in `instrument'
activesupport (5.2.6) lib/active_support/notifications.rb:168:in `instrument'
actionpack (5.2.6) lib/action_controller/metal/instrumentation.rb:32:in `process_action'
actionpack (5.2.6) lib/action_controller/metal/params_wrapper.rb:256:in `process_action'
activerecord (5.2.6) lib/active_record/railties/controller_runtime.rb:24:in `process_action'
actionpack (5.2.6) lib/abstract_controller/base.rb:134:in `process'
actionview (5.2.6) lib/action_view/rendering.rb:32:in `process'
actionpack (5.2.6) lib/action_controller/metal.rb:191:in `dispatch'
actionpack (5.2.6) lib/action_controller/metal.rb:252:in `dispatch'
actionpack (5.2.6) lib/action_dispatch/routing/route_set.rb:52:in `dispatch'
actionpack (5.2.6) lib/action_dispatch/routing/route_set.rb:34:in `serve'
actionpack (5.2.6) lib/action_dispatch/journey/router.rb:52:in `block in serve'
actionpack (5.2.6) lib/action_dispatch/journey/router.rb:35:in `each'
actionpack (5.2.6) lib/action_dispatch/journey/router.rb:35:in `serve'
actionpack (5.2.6) lib/action_dispatch/routing/route_set.rb:840:in `call'
warden (1.2.9) lib/warden/manager.rb:36:in `block in call'
warden (1.2.9) lib/warden/manager.rb:34:in `catch'
warden (1.2.9) lib/warden/manager.rb:34:in `call'
rack (2.2.3) lib/rack/tempfile_reaper.rb:15:in `call'
rack (2.2.3) lib/rack/etag.rb:27:in `call'
rack (2.2.3) lib/rack/conditional_get.rb:27:in `call'
rack (2.2.3) lib/rack/head.rb:12:in `call'
actionpack (5.2.6) lib/action_dispatch/http/content_security_policy.rb:18:in `call'
rack (2.2.3) lib/rack/session/abstract/id.rb:266:in `context'
rack (2.2.3) lib/rack/session/abstract/id.rb:260:in `call'
actionpack (5.2.6) lib/action_dispatch/middleware/cookies.rb:670:in `call'
activerecord (5.2.6) lib/active_record/migration.rb:559:in `call'
actionpack (5.2.6) lib/action_dispatch/middleware/callbacks.rb:28:in `block in call'
activesupport (5.2.6) lib/active_support/callbacks.rb:98:in `run_callbacks'
actionpack (5.2.6) lib/action_dispatch/middleware/callbacks.rb:26:in `call'
actionpack (5.2.6) lib/action_dispatch/middleware/executor.rb:14:in `call'
actionpack (5.2.6) lib/action_dispatch/middleware/debug_exceptions.rb:61:in `call'
web-console (3.7.0) lib/web_console/middleware.rb:135:in `call_app'
web-console (3.7.0) lib/web_console/middleware.rb:22:in `block in call'
web-console (3.7.0) lib/web_console/middleware.rb:20:in `catch'
web-console (3.7.0) lib/web_console/middleware.rb:20:in `call'
actionpack (5.2.6) lib/action_dispatch/middleware/show_exceptions.rb:33:in `call'
railties (5.2.6) lib/rails/rack/logger.rb:38:in `call_app'
railties (5.2.6) lib/rails/rack/logger.rb:26:in `block in call'
activesupport (5.2.6) lib/active_support/tagged_logging.rb:71:in `block in tagged'
activesupport (5.2.6) lib/active_support/tagged_logging.rb:28:in `tagged'
activesupport (5.2.6) lib/active_support/tagged_logging.rb:71:in `tagged'
railties (5.2.6) lib/rails/rack/logger.rb:26:in `call'
sprockets-rails (3.2.2) lib/sprockets/rails/quiet_assets.rb:13:in `call'
actionpack (5.2.6) lib/action_dispatch/middleware/remote_ip.rb:81:in `call'
actionpack (5.2.6) lib/action_dispatch/middleware/request_id.rb:27:in `call'
rack (2.2.3) lib/rack/method_override.rb:24:in `call'
rack (2.2.3) lib/rack/runtime.rb:22:in `call'
activesupport (5.2.6) lib/active_support/cache/strategy/local_cache_middleware.rb:29:in `call'
actionpack (5.2.6) lib/action_dispatch/middleware/executor.rb:14:in `call'
actionpack (5.2.6) lib/action_dispatch/middleware/static.rb:127:in `call'
rack (2.2.3) lib/rack/sendfile.rb:110:in `call'
railties (5.2.6) lib/rails/engine.rb:524:in `call'
puma (3.12.6) lib/puma/configuration.rb:227:in `call'
puma (3.12.6) lib/puma/server.rb:706:in `handle_request'
puma (3.12.6) lib/puma/server.rb:476:in `process_client'
puma (3.12.6) lib/puma/server.rb:334:in `block in run'
puma (3.12.6) lib/puma/thread_pool.rb:135:in `block in spawn_thread'
Started GET "/" for 153.139.136.16 at 2021-06-12 04:47:02 +0000
Cannot render console from 153.139.136.16! Allowed networks: 127.0.0.1, ::1, 127.0.0.0/127.255.255.255
  [1m[35m (0.1ms)[0m  [1m[34mSELECT "schema_migrations"."version" FROM "schema_migrations" ORDER BY "schema_migrations"."version" ASC[0m
  ‚Ü≥ /home/ec2-user/.rvm/gems/ruby-2.6.3/gems/activerecord-5.2.6/lib/active_record/log_subscriber.rb:98
Processing by Public::HomesController#top as HTML
Completed 406 Not Acceptable in 59ms (ActiveRecord: 0.0ms)


  
ActionController::UnknownFormat (Public::HomesController#top is missing a template for this request format and variant.

request.formats: ["text/html"]
request.variant: []

NOTE! For XHR/Ajax or API requests, this action would normally respond with 204 No Content: an empty white screen. Since you're loading it in a web browser, we assume that you expected to actually render a template, not nothing, so we're showing an error to be extra-clear. If you expect 204 No Content, carry on. That's what you'll get from an XHR or API request. Give it a shot.):
  
actionpack (5.2.6) lib/action_controller/metal/implicit_render.rb:55:in `default_render'
actionpack (5.2.6) lib/action_controller/metal/basic_implicit_render.rb:6:in `block in send_action'
actionpack (5.2.6) lib/action_controller/metal/basic_implicit_render.rb:6:in `tap'
actionpack (5.2.6) lib/action_controller/metal/basic_implicit_render.rb:6:in `send_action'
actionpack (5.2.6) lib/abstract_controller/base.rb:194:in `process_action'
actionpack (5.2.6) lib/action_controller/metal/rendering.rb:30:in `process_action'
actionpack (5.2.6) lib/abstract_controller/callbacks.rb:42:in `block in process_action'
activesupport (5.2.6) lib/active_support/callbacks.rb:132:in `run_callbacks'
actionpack (5.2.6) lib/abstract_controller/callbacks.rb:41:in `process_action'
actionpack (5.2.6) lib/action_controller/metal/rescue.rb:22:in `process_action'
actionpack (5.2.6) lib/action_controller/metal/instrumentation.rb:34:in `block in process_action'
activesupport (5.2.6) lib/active_support/notifications.rb:168:in `block in instrument'
activesupport (5.2.6) lib/active_support/notifications/instrumenter.rb:23:in `instrument'
activesupport (5.2.6) lib/active_support/notifications.rb:168:in `instrument'
actionpack (5.2.6) lib/action_controller/metal/instrumentation.rb:32:in `process_action'
actionpack (5.2.6) lib/action_controller/metal/params_wrapper.rb:256:in `process_action'
activerecord (5.2.6) lib/active_record/railties/controller_runtime.rb:24:in `process_action'
actionpack (5.2.6) lib/abstract_controller/base.rb:134:in `process'
actionview (5.2.6) lib/action_view/rendering.rb:32:in `process'
actionpack (5.2.6) lib/action_controller/metal.rb:191:in `dispatch'
actionpack (5.2.6) lib/action_controller/metal.rb:252:in `dispatch'
actionpack (5.2.6) lib/action_dispatch/routing/route_set.rb:52:in `dispatch'
actionpack (5.2.6) lib/action_dispatch/routing/route_set.rb:34:in `serve'
actionpack (5.2.6) lib/action_dispatch/journey/router.rb:52:in `block in serve'
actionpack (5.2.6) lib/action_dispatch/journey/router.rb:35:in `each'
actionpack (5.2.6) lib/action_dispatch/journey/router.rb:35:in `serve'
actionpack (5.2.6) lib/action_dispatch/routing/route_set.rb:840:in `call'
warden (1.2.9) lib/warden/manager.rb:36:in `block in call'
warden (1.2.9) lib/warden/manager.rb:34:in `catch'
warden (1.2.9) lib/warden/manager.rb:34:in `call'
rack (2.2.3) lib/rack/tempfile_reaper.rb:15:in `call'
rack (2.2.3) lib/rack/etag.rb:27:in `call'
rack (2.2.3) lib/rack/conditional_get.rb:27:in `call'
rack (2.2.3) lib/rack/head.rb:12:in `call'
actionpack (5.2.6) lib/action_dispatch/http/content_security_policy.rb:18:in `call'
rack (2.2.3) lib/rack/session/abstract/id.rb:266:in `context'
rack (2.2.3) lib/rack/session/abstract/id.rb:260:in `call'
actionpack (5.2.6) lib/action_dispatch/middleware/cookies.rb:670:in `call'
activerecord (5.2.6) lib/active_record/migration.rb:559:in `call'
actionpack (5.2.6) lib/action_dispatch/middleware/callbacks.rb:28:in `block in call'
activesupport (5.2.6) lib/active_support/callbacks.rb:98:in `run_callbacks'
actionpack (5.2.6) lib/action_dispatch/middleware/callbacks.rb:26:in `call'
actionpack (5.2.6) lib/action_dispatch/middleware/executor.rb:14:in `call'
actionpack (5.2.6) lib/action_dispatch/middleware/debug_exceptions.rb:61:in `call'
web-console (3.7.0) lib/web_console/middleware.rb:135:in `call_app'
web-console (3.7.0) lib/web_console/middleware.rb:22:in `block in call'
web-console (3.7.0) lib/web_console/middleware.rb:20:in `catch'
web-console (3.7.0) lib/web_console/middleware.rb:20:in `call'
actionpack (5.2.6) lib/action_dispatch/middleware/show_exceptions.rb:33:in `call'
railties (5.2.6) lib/rails/rack/logger.rb:38:in `call_app'
railties (5.2.6) lib/rails/rack/logger.rb:26:in `block in call'
activesupport (5.2.6) lib/active_support/tagged_logging.rb:71:in `block in tagged'
activesupport (5.2.6) lib/active_support/tagged_logging.rb:28:in `tagged'
activesupport (5.2.6) lib/active_support/tagged_logging.rb:71:in `tagged'
railties (5.2.6) lib/rails/rack/logger.rb:26:in `call'
sprockets-rails (3.2.2) lib/sprockets/rails/quiet_assets.rb:13:in `call'
actionpack (5.2.6) lib/action_dispatch/middleware/remote_ip.rb:81:in `call'
actionpack (5.2.6) lib/action_dispatch/middleware/request_id.rb:27:in `call'
rack (2.2.3) lib/rack/method_override.rb:24:in `call'
rack (2.2.3) lib/rack/runtime.rb:22:in `call'
activesupport (5.2.6) lib/active_support/cache/strategy/local_cache_middleware.rb:29:in `call'
actionpack (5.2.6) lib/action_dispatch/middleware/executor.rb:14:in `call'
actionpack (5.2.6) lib/action_dispatch/middleware/static.rb:127:in `call'
rack (2.2.3) lib/rack/sendfile.rb:110:in `call'
railties (5.2.6) lib/rails/engine.rb:524:in `call'
puma (3.12.6) lib/puma/configuration.rb:227:in `call'
puma (3.12.6) lib/puma/server.rb:706:in `handle_request'
puma (3.12.6) lib/puma/server.rb:476:in `process_client'
puma (3.12.6) lib/puma/server.rb:334:in `block in run'
puma (3.12.6) lib/puma/thread_pool.rb:135:in `block in spawn_thread'
Started GET "/" for 153.139.136.16 at 2021-06-12 04:48:25 +0000
Cannot render console from 153.139.136.16! Allowed networks: 127.0.0.1, ::1, 127.0.0.0/127.255.255.255
Processing by Public::HomesController#top as HTML
Completed 406 Not Acceptable in 37ms (ActiveRecord: 0.0ms)


  
ActionController::UnknownFormat (Public::HomesController#top is missing a template for this request format and variant.

request.formats: ["text/html"]
request.variant: []

NOTE! For XHR/Ajax or API requests, this action would normally respond with 204 No Content: an empty white screen. Since you're loading it in a web browser, we assume that you expected to actually render a template, not nothing, so we're showing an error to be extra-clear. If you expect 204 No Content, carry on. That's what you'll get from an XHR or API request. Give it a shot.):
  
actionpack (5.2.6) lib/action_controller/metal/implicit_render.rb:55:in `default_render'
actionpack (5.2.6) lib/action_controller/metal/basic_implicit_render.rb:6:in `block in send_action'
actionpack (5.2.6) lib/action_controller/metal/basic_implicit_render.rb:6:in `tap'
actionpack (5.2.6) lib/action_controller/metal/basic_implicit_render.rb:6:in `send_action'
actionpack (5.2.6) lib/abstract_controller/base.rb:194:in `process_action'
actionpack (5.2.6) lib/action_controller/metal/rendering.rb:30:in `process_action'
actionpack (5.2.6) lib/abstract_controller/callbacks.rb:42:in `block in process_action'
activesupport (5.2.6) lib/active_support/callbacks.rb:132:in `run_callbacks'
actionpack (5.2.6) lib/abstract_controller/callbacks.rb:41:in `process_action'
actionpack (5.2.6) lib/action_controller/metal/rescue.rb:22:in `process_action'
actionpack (5.2.6) lib/action_controller/metal/instrumentation.rb:34:in `block in process_action'
activesupport (5.2.6) lib/active_support/notifications.rb:168:in `block in instrument'
activesupport (5.2.6) lib/active_support/notifications/instrumenter.rb:23:in `instrument'
activesupport (5.2.6) lib/active_support/notifications.rb:168:in `instrument'
actionpack (5.2.6) lib/action_controller/metal/instrumentation.rb:32:in `process_action'
actionpack (5.2.6) lib/action_controller/metal/params_wrapper.rb:256:in `process_action'
activerecord (5.2.6) lib/active_record/railties/controller_runtime.rb:24:in `process_action'
actionpack (5.2.6) lib/abstract_controller/base.rb:134:in `process'
actionview (5.2.6) lib/action_view/rendering.rb:32:in `process'
actionpack (5.2.6) lib/action_controller/metal.rb:191:in `dispatch'
actionpack (5.2.6) lib/action_controller/metal.rb:252:in `dispatch'
actionpack (5.2.6) lib/action_dispatch/routing/route_set.rb:52:in `dispatch'
actionpack (5.2.6) lib/action_dispatch/routing/route_set.rb:34:in `serve'
actionpack (5.2.6) lib/action_dispatch/journey/router.rb:52:in `block in serve'
actionpack (5.2.6) lib/action_dispatch/journey/router.rb:35:in `each'
actionpack (5.2.6) lib/action_dispatch/journey/router.rb:35:in `serve'
actionpack (5.2.6) lib/action_dispatch/routing/route_set.rb:840:in `call'
warden (1.2.9) lib/warden/manager.rb:36:in `block in call'
warden (1.2.9) lib/warden/manager.rb:34:in `catch'
warden (1.2.9) lib/warden/manager.rb:34:in `call'
rack (2.2.3) lib/rack/tempfile_reaper.rb:15:in `call'
rack (2.2.3) lib/rack/etag.rb:27:in `call'
rack (2.2.3) lib/rack/conditional_get.rb:27:in `call'
rack (2.2.3) lib/rack/head.rb:12:in `call'
actionpack (5.2.6) lib/action_dispatch/http/content_security_policy.rb:18:in `call'
rack (2.2.3) lib/rack/session/abstract/id.rb:266:in `context'
rack (2.2.3) lib/rack/session/abstract/id.rb:260:in `call'
actionpack (5.2.6) lib/action_dispatch/middleware/cookies.rb:670:in `call'
activerecord (5.2.6) lib/active_record/migration.rb:559:in `call'
actionpack (5.2.6) lib/action_dispatch/middleware/callbacks.rb:28:in `block in call'
activesupport (5.2.6) lib/active_support/callbacks.rb:98:in `run_callbacks'
actionpack (5.2.6) lib/action_dispatch/middleware/callbacks.rb:26:in `call'
actionpack (5.2.6) lib/action_dispatch/middleware/executor.rb:14:in `call'
actionpack (5.2.6) lib/action_dispatch/middleware/debug_exceptions.rb:61:in `call'
web-console (3.7.0) lib/web_console/middleware.rb:135:in `call_app'
web-console (3.7.0) lib/web_console/middleware.rb:22:in `block in call'
web-console (3.7.0) lib/web_console/middleware.rb:20:in `catch'
web-console (3.7.0) lib/web_console/middleware.rb:20:in `call'
actionpack (5.2.6) lib/action_dispatch/middleware/show_exceptions.rb:33:in `call'
railties (5.2.6) lib/rails/rack/logger.rb:38:in `call_app'
railties (5.2.6) lib/rails/rack/logger.rb:26:in `block in call'
activesupport (5.2.6) lib/active_support/tagged_logging.rb:71:in `block in tagged'
activesupport (5.2.6) lib/active_support/tagged_logging.rb:28:in `tagged'
activesupport (5.2.6) lib/active_support/tagged_logging.rb:71:in `tagged'
railties (5.2.6) lib/rails/rack/logger.rb:26:in `call'
sprockets-rails (3.2.2) lib/sprockets/rails/quiet_assets.rb:13:in `call'
actionpack (5.2.6) lib/action_dispatch/middleware/remote_ip.rb:81:in `call'
actionpack (5.2.6) lib/action_dispatch/middleware/request_id.rb:27:in `call'
rack (2.2.3) lib/rack/method_override.rb:24:in `call'
rack (2.2.3) lib/rack/runtime.rb:22:in `call'
activesupport (5.2.6) lib/active_support/cache/strategy/local_cache_middleware.rb:29:in `call'
actionpack (5.2.6) lib/action_dispatch/middleware/executor.rb:14:in `call'
actionpack (5.2.6) lib/action_dispatch/middleware/static.rb:127:in `call'
rack (2.2.3) lib/rack/sendfile.rb:110:in `call'
railties (5.2.6) lib/rails/engine.rb:524:in `call'
puma (3.12.6) lib/puma/configuration.rb:227:in `call'
puma (3.12.6) lib/puma/server.rb:706:in `handle_request'
puma (3.12.6) lib/puma/server.rb:476:in `process_client'
puma (3.12.6) lib/puma/server.rb:334:in `block in run'
puma (3.12.6) lib/puma/thread_pool.rb:135:in `block in spawn_thread'
Started GET "/" for 153.139.136.16 at 2021-06-12 04:55:27 +0000
Cannot render console from 153.139.136.16! Allowed networks: 127.0.0.1, ::1, 127.0.0.0/127.255.255.255
  [1m[35m (0.1ms)[0m  [1m[34mSELECT "schema_migrations"."version" FROM "schema_migrations" ORDER BY "schema_migrations"."version" ASC[0m
  ‚Ü≥ /home/ec2-user/.rvm/gems/ruby-2.6.3/gems/activerecord-5.2.6/lib/active_record/log_subscriber.rb:98
Processing by Public::HomesController#top as HTML
  Rendering public/homes/top.html.erb within layouts/application
  Rendered public/homes/top.html.erb within layouts/application (0.9ms)
Completed 200 OK in 7646ms (Views: 7636.9ms | ActiveRecord: 0.0ms)


Started GET "/" for 153.139.136.16 at 2021-06-12 05:10:10 +0000
Cannot render console from 153.139.136.16! Allowed networks: 127.0.0.1, ::1, 127.0.0.0/127.255.255.255
  [1m[35m (0.1ms)[0m  [1m[34mSELECT "schema_migrations"."version" FROM "schema_migrations" ORDER BY "schema_migrations"."version" ASC[0m
  ‚Ü≥ /home/ec2-user/.rvm/gems/ruby-2.6.3/gems/activerecord-5.2.6/lib/active_record/log_subscriber.rb:98
Processing by Public::HomesController#top as HTML
  Rendering public/homes/top.html.erb within layouts/application
  Rendered public/homes/top.html.erb within layouts/application (3.4ms)
Completed 500 Internal Server Error in 15ms (ActiveRecord: 0.0ms)


  
ActionView::Template::Error (undefined method `last' for nil:NilClass):
    16:   <h2>Êñ∞Ë¶è‰ºÅÁîª</h2>
    17:   <div class="container">
    18:     <div class="row">
    19:       <!--<% @products.last(4).each do |product| %>-->
    20:       <!--  <div class="col-md-3">-->
    21:       <!--    <div>-->
    22:       <!--      <%= link_to public_product_path(product), class: "no-underline", 'data-turbolinks': false do %>-->
  
app/views/public/homes/top.html.erb:19:in `_app_views_public_homes_top_html_erb___2613155598219730457_38216300'
Started GET "/" for 153.139.136.16 at 2021-06-12 05:11:13 +0000
Cannot render console from 153.139.136.16! Allowed networks: 127.0.0.1, ::1, 127.0.0.0/127.255.255.255
Processing by Public::HomesController#top as HTML
  Rendering public/homes/top.html.erb within layouts/application
  Rendered public/homes/top.html.erb within layouts/application (0.7ms)
Completed 500 Internal Server Error in 6ms (ActiveRecord: 0.0ms)


  
SyntaxError (/home/ec2-user/environment/Portfolio/app/views/public/homes/top.html.erb:43: syntax error, unexpected ensure, expecting end-of-input
          ensure
          ^~~~~~):
  
app/views/public/homes/top.html.erb:43: syntax error, unexpected ensure, expecting end-of-input
Started GET "/" for 153.139.136.16 at 2021-06-12 05:11:33 +0000
Cannot render console from 153.139.136.16! Allowed networks: 127.0.0.1, ::1, 127.0.0.0/127.255.255.255
Processing by Public::HomesController#top as HTML
  Rendering public/homes/top.html.erb within layouts/application
  Rendered public/homes/top.html.erb within layouts/application (0.5ms)
Completed 200 OK in 359ms (Views: 358.5ms | ActiveRecord: 0.0ms)


Started GET "/" for 153.139.136.16 at 2021-06-12 05:58:01 +0000
Cannot render console from 153.139.136.16! Allowed networks: 127.0.0.1, ::1, 127.0.0.0/127.255.255.255
  [1m[35m (0.1ms)[0m  [1m[34mSELECT "schema_migrations"."version" FROM "schema_migrations" ORDER BY "schema_migrations"."version" ASC[0m
  ‚Ü≥ /home/ec2-user/.rvm/gems/ruby-2.6.3/gems/activerecord-5.2.6/lib/active_record/log_subscriber.rb:98
Processing by Public::HomesController#top as HTML
  Rendering public/homes/top.html.erb within layouts/application
  Rendered public/homes/top.html.erb within layouts/application (0.7ms)
Completed 200 OK in 291ms (Views: 284.4ms | ActiveRecord: 0.0ms)


Started GET "/" for 153.139.136.16 at 2021-06-12 05:58:10 +0000
Cannot render console from 153.139.136.16! Allowed networks: 127.0.0.1, ::1, 127.0.0.0/127.255.255.255
Processing by Public::HomesController#top as HTML
  Rendering public/homes/top.html.erb within layouts/application
  Rendered public/homes/top.html.erb within layouts/application (0.5ms)
Completed 200 OK in 110ms (Views: 109.3ms | ActiveRecord: 0.0ms)


Started GET "/" for 153.139.136.16 at 2021-06-12 06:05:49 +0000
Cannot render console from 153.139.136.16! Allowed networks: 127.0.0.1, ::1, 127.0.0.0/127.255.255.255
  [1m[35m (0.1ms)[0m  [1m[34mSELECT "schema_migrations"."version" FROM "schema_migrations" ORDER BY "schema_migrations"."version" ASC[0m
  ‚Ü≥ /home/ec2-user/.rvm/gems/ruby-2.6.3/gems/activerecord-5.2.6/lib/active_record/log_subscriber.rb:98
Processing by Public::HomesController#top as HTML
  Rendering public/homes/top.html.erb within layouts/application
  Rendered public/homes/top.html.erb within layouts/application (0.7ms)
Completed 500 Internal Server Error in 971ms (ActiveRecord: 0.0ms)


  
ActionView::Template::Error (undefined local variable or method `public_root_path' for #<#<Class:0x00000000058817b0>:0x000000000588a4c8>
Did you mean?  public_home_about_path):
    16:           <% if admin_signed_in? %>
    17:           <%= link_to "OFFING",admin_orders_path, class: 'mt-2 mb-3 text-dark' %>
    18:           <% else %>
    19:           <%= link_to "OFFING",public_root_path, class: 'mt-2 mb-3 text-dark' %>
    20:           <% end %>
    21:           <nav>
    22:           <ul class="navbar-nav ml-auto p-3">
  
app/views/layouts/application.html.erb:19:in `_app_views_layouts_application_html_erb___2684491380415020327_46468760'
Started GET "/" for 153.139.136.16 at 2021-06-12 06:08:33 +0000
Cannot render console from 153.139.136.16! Allowed networks: 127.0.0.1, ::1, 127.0.0.0/127.255.255.255
  [1m[35m (0.2ms)[0m  [1m[34mSELECT "schema_migrations"."version" FROM "schema_migrations" ORDER BY "schema_migrations"."version" ASC[0m
  ‚Ü≥ /home/ec2-user/.rvm/gems/ruby-2.6.3/gems/activerecord-5.2.6/lib/active_record/log_subscriber.rb:98
Processing by Public::HomesController#top as HTML
  Rendering public/homes/top.html.erb within layouts/application
  Rendered public/homes/top.html.erb within layouts/application (0.7ms)
Completed 500 Internal Server Error in 997ms (ActiveRecord: 0.0ms)


  
ActionView::Template::Error (undefined local variable or method `public_products_path' for #<#<Class:0x00000000053f6010>:0x00000000053fefd0>
Did you mean?  public_compute_asset_path):
    33:           <li class="nav-item"><%= link_to "„É≠„Ç∞„Ç¢„Ç¶„Éà",destroy_admin_session_path,method: :delete, class: 'text-dark' %></li>
    34:           <% else %>
    35:           <li class="nav-item"><%= link_to "About",about_path, class: 'text-dark' %></li>
    36:           <li class="nav-item"><%= link_to "„Ç§„Éô„É≥„Éà‰∏ÄË¶ß", public_products_path, class: 'text-dark' %></li>
    37:           <li class="nav-item"><%= link_to "„É≠„Ç∞„Ç§„É≥", new_member_session_path, class: 'text-dark' %></li>
    38:           <li class="nav-item"><%= link_to "Êñ∞Ë¶èÁôªÈå≤", new_member_registration_path, class: 'text-dark' %></li>
    39:           <% end %>
  
app/views/layouts/application.html.erb:36:in `_app_views_layouts_application_html_erb___3240310498809834587_44086860'
Started GET "/" for 153.139.136.16 at 2021-06-12 06:09:42 +0000
Cannot render console from 153.139.136.16! Allowed networks: 127.0.0.1, ::1, 127.0.0.0/127.255.255.255
  [1m[35m (0.1ms)[0m  [1m[34mSELECT "schema_migrations"."version" FROM "schema_migrations" ORDER BY "schema_migrations"."version" ASC[0m
  ‚Ü≥ /home/ec2-user/.rvm/gems/ruby-2.6.3/gems/activerecord-5.2.6/lib/active_record/log_subscriber.rb:98
Processing by Public::HomesController#top as HTML
  Rendering public/homes/top.html.erb within layouts/application
  Rendered public/homes/top.html.erb within layouts/application (0.7ms)
Completed 500 Internal Server Error in 1091ms (ActiveRecord: 0.0ms)


  
ActionView::Template::Error (undefined local variable or method `public_projects_path' for #<#<Class:0x0000000005dacb90>:0x0000000005de0b98>
Did you mean?  public_compute_asset_path):
    33:           <li class="nav-item"><%= link_to "„É≠„Ç∞„Ç¢„Ç¶„Éà",destroy_admin_session_path,method: :delete, class: 'text-dark' %></li>
    34:           <% else %>
    35:           <li class="nav-item"><%= link_to "About",about_path, class: 'text-dark' %></li>
    36:           <li class="nav-item"><%= link_to "„Ç§„Éô„É≥„Éà‰∏ÄË¶ß", public_projects_path, class: 'text-dark' %></li>
    37:           <li class="nav-item"><%= link_to "„É≠„Ç∞„Ç§„É≥", new_member_session_path, class: 'text-dark' %></li>
    38:           <li class="nav-item"><%= link_to "Êñ∞Ë¶èÁôªÈå≤", new_member_registration_path, class: 'text-dark' %></li>
    39:           <% end %>
  
app/views/layouts/application.html.erb:36:in `_app_views_layouts_application_html_erb__3406183064999086007_69902876552720'
Started GET "/" for 153.139.136.16 at 2021-06-12 06:12:03 +0000
Cannot render console from 153.139.136.16! Allowed networks: 127.0.0.1, ::1, 127.0.0.0/127.255.255.255
  [1m[35m (0.1ms)[0m  [1m[34mSELECT "schema_migrations"."version" FROM "schema_migrations" ORDER BY "schema_migrations"."version" ASC[0m
  ‚Ü≥ /home/ec2-user/.rvm/gems/ruby-2.6.3/gems/activerecord-5.2.6/lib/active_record/log_subscriber.rb:98
Processing by Public::HomesController#top as HTML
  Rendering public/homes/top.html.erb within layouts/application
  Rendered public/homes/top.html.erb within layouts/application (1.2ms)
Completed 500 Internal Server Error in 1064ms (ActiveRecord: 0.0ms)


  
ActionView::Template::Error (undefined local variable or method `public_project_path' for #<#<Class:0x00000000064846c0>:0x000000000668c328>
Did you mean?  public_compute_asset_path):
    33:           <li class="nav-item"><%= link_to "„É≠„Ç∞„Ç¢„Ç¶„Éà",destroy_admin_session_path,method: :delete, class: 'text-dark' %></li>
    34:           <% else %>
    35:           <li class="nav-item"><%= link_to "About",about_path, class: 'text-dark' %></li>
    36:           <li class="nav-item"><%= link_to "„Ç§„Éô„É≥„Éà‰∏ÄË¶ß", public_project_path, class: 'text-dark' %></li>
    37:           <li class="nav-item"><%= link_to "„É≠„Ç∞„Ç§„É≥", new_member_session_path, class: 'text-dark' %></li>
    38:           <li class="nav-item"><%= link_to "Êñ∞Ë¶èÁôªÈå≤", new_member_registration_path, class: 'text-dark' %></li>
    39:           <% end %>
  
app/views/layouts/application.html.erb:36:in `_app_views_layouts_application_html_erb__4520822858306763802_70005486006680'
Started GET "/" for 153.139.136.16 at 2021-06-12 06:51:09 +0000
Cannot render console from 153.139.136.16! Allowed networks: 127.0.0.1, ::1, 127.0.0.0/127.255.255.255
  [1m[35m (0.1ms)[0m  [1m[34mSELECT "schema_migrations"."version" FROM "schema_migrations" ORDER BY "schema_migrations"."version" ASC[0m
  ‚Ü≥ /home/ec2-user/.rvm/gems/ruby-2.6.3/gems/activerecord-5.2.6/lib/active_record/log_subscriber.rb:98
Processing by Public::HomesController#top as HTML
  Rendering public/homes/top.html.erb within layouts/application
  Rendered public/homes/top.html.erb within layouts/application (0.8ms)
Completed 200 OK in 275ms (Views: 268.6ms | ActiveRecord: 0.0ms)


Started GET "/" for 153.139.136.16 at 2021-06-12 07:07:21 +0000
Cannot render console from 153.139.136.16! Allowed networks: 127.0.0.1, ::1, 127.0.0.0/127.255.255.255
Processing by Public::HomesController#top as HTML
  Rendering public/homes/top.html.erb within layouts/application
  Rendered public/homes/top.html.erb within layouts/application (0.5ms)
Completed 200 OK in 61ms (Views: 57.6ms | ActiveRecord: 0.0ms)


Started GET "/" for 153.139.136.16 at 2021-06-12 07:08:33 +0000
Cannot render console from 153.139.136.16! Allowed networks: 127.0.0.1, ::1, 127.0.0.0/127.255.255.255
Processing by Public::HomesController#top as HTML
  Rendering public/homes/top.html.erb within layouts/application
  Rendered public/homes/top.html.erb within layouts/application (0.5ms)
Completed 200 OK in 97ms (Views: 95.8ms | ActiveRecord: 0.0ms)


Started GET "/" for 153.139.136.16 at 2021-06-12 07:08:37 +0000
Cannot render console from 153.139.136.16! Allowed networks: 127.0.0.1, ::1, 127.0.0.0/127.255.255.255
Processing by Public::HomesController#top as HTML
  Rendering public/homes/top.html.erb within layouts/application
  Rendered public/homes/top.html.erb within layouts/application (0.5ms)
Completed 200 OK in 56ms (Views: 54.7ms | ActiveRecord: 0.0ms)


Started GET "/" for 153.139.136.16 at 2021-06-12 07:08:37 +0000
Cannot render console from 153.139.136.16! Allowed networks: 127.0.0.1, ::1, 127.0.0.0/127.255.255.255
Processing by Public::HomesController#top as HTML
  Rendering public/homes/top.html.erb within layouts/application
  Rendered public/homes/top.html.erb within layouts/application (0.5ms)
Completed 200 OK in 85ms (Views: 84.4ms | ActiveRecord: 0.0ms)


Started GET "/members/sign_in" for 153.139.136.16 at 2021-06-12 07:08:39 +0000
Cannot render console from 153.139.136.16! Allowed networks: 127.0.0.1, ::1, 127.0.0.0/127.255.255.255
Processing by Members::SessionsController#new as HTML
  Rendering members/sessions/new.html.erb within layouts/application
  Rendered members/shared/_links.html.erb (1.2ms)
  Rendered members/sessions/new.html.erb within layouts/application (679.3ms)
Completed 200 OK in 770ms (Views: 734.7ms | ActiveRecord: 4.1ms)


Started GET "/members/sign_up" for 153.139.136.16 at 2021-06-12 07:08:42 +0000
Cannot render console from 153.139.136.16! Allowed networks: 127.0.0.1, ::1, 127.0.0.0/127.255.255.255
Processing by Members::RegistrationsController#new as HTML
  Rendering members/registrations/new.html.erb within layouts/application
  Rendered members/registrations/new.html.erb within layouts/application (8.6ms)
Completed 200 OK in 134ms (Views: 133.2ms | ActiveRecord: 0.0ms)


Started POST "/members" for 153.139.136.16 at 2021-06-12 07:09:31 +0000
Cannot render console from 153.139.136.16! Allowed networks: 127.0.0.1, ::1, 127.0.0.0/127.255.255.255
Processing by Members::RegistrationsController#create as HTML
  Parameters: {"utf8"=>"‚úì", "authenticity_token"=>"YU30738umHBYpi//mqRbkr06+xWbrlzPzC1XRzc/BSBJTYDfi7MSnR6xx8LbyqchN8REfURcnhsj+0yOztR2Bg==", "member"=>{"last_name"=>"ÂóöÂëº", "first_name"=>"Âîñ„ÄÖ", "last_name_kana"=>"„Ç¢„Ç¢", "first_name_kana"=>"„Ç¢„Ç¢", "email"=>"aa@gmail.com", "phone_number"=>"09012345678", "password"=>"[FILTERED]", "password_confirmation"=>"[FILTERED]"}, "commit"=>"„ÄÄ„ÄÄÊñ∞Ë¶èÁôªÈå≤„ÄÄ„ÄÄ"}
Unpermitted parameter: :phone_number
  [1m[35m (0.1ms)[0m  [1m[36mbegin transaction[0m
  ‚Ü≥ /home/ec2-user/.rvm/gems/ruby-2.6.3/gems/activerecord-5.2.6/lib/active_record/log_subscriber.rb:98
  [1m[36mMember Exists (0.2ms)[0m  [1m[34mSELECT  1 AS one FROM "members" WHERE "members"."email" = ? LIMIT ?[0m  [["email", "aa@gmail.com"], ["LIMIT", 1]]
  ‚Ü≥ /home/ec2-user/.rvm/gems/ruby-2.6.3/gems/activerecord-5.2.6/lib/active_record/log_subscriber.rb:98
  [1m[36mMember Create (0.6ms)[0m  [1m[32mINSERT INTO "members" ("email", "encrypted_password", "first_name", "last_name", "first_name_kana", "last_name_kana", "created_at", "updated_at") VALUES (?, ?, ?, ?, ?, ?, ?, ?)[0m  [["email", "aa@gmail.com"], ["encrypted_password", "$2a$12$TIu63xMlnjqc.0UA5MsVYu6HUErcLd5EaDkFXrzg2J1JIa3JAf5bS"], ["first_name", "Âîñ„ÄÖ"], ["last_name", "ÂóöÂëº"], ["first_name_kana", "„Ç¢„Ç¢"], ["last_name_kana", "„Ç¢„Ç¢"], ["created_at", "2021-06-12 07:09:31.537602"], ["updated_at", "2021-06-12 07:09:31.537602"]]
  ‚Ü≥ /home/ec2-user/.rvm/gems/ruby-2.6.3/gems/activerecord-5.2.6/lib/active_record/log_subscriber.rb:98
  [1m[35m (0.1ms)[0m  [1m[31mrollback transaction[0m
  ‚Ü≥ /home/ec2-user/.rvm/gems/ruby-2.6.3/gems/activerecord-5.2.6/lib/active_record/log_subscriber.rb:98
Completed 500 Internal Server Error in 323ms (ActiveRecord: 1.0ms)


  
ActiveRecord::NotNullViolation (SQLite3::ConstraintException: members.telephone_number may not be NULL: INSERT INTO "members" ("email", "encrypted_password", "first_name", "last_name", "first_name_kana", "last_name_kana", "created_at", "updated_at") VALUES (?, ?, ?, ?, ?, ?, ?, ?)):
  
sqlite3 (1.4.2) lib/sqlite3/statement.rb:108:in `step'
sqlite3 (1.4.2) lib/sqlite3/statement.rb:108:in `block in each'
sqlite3 (1.4.2) lib/sqlite3/statement.rb:107:in `loop'
sqlite3 (1.4.2) lib/sqlite3/statement.rb:107:in `each'
activerecord (5.2.6) lib/active_record/connection_adapters/sqlite3_adapter.rb:222:in `to_a'
activerecord (5.2.6) lib/active_record/connection_adapters/sqlite3_adapter.rb:222:in `block (2 levels) in exec_query'
activesupport (5.2.6) lib/active_support/dependencies/interlock.rb:48:in `block in permit_concurrent_loads'
activesupport (5.2.6) lib/active_support/concurrency/share_lock.rb:187:in `yield_shares'
activesupport (5.2.6) lib/active_support/dependencies/interlock.rb:47:in `permit_concurrent_loads'
activerecord (5.2.6) lib/active_record/connection_adapters/sqlite3_adapter.rb:213:in `block in exec_query'
activerecord (5.2.6) lib/active_record/connection_adapters/abstract_adapter.rb:581:in `block (2 levels) in log'
/home/ec2-user/.rvm/rubies/ruby-2.6.3/lib/ruby/2.6.0/monitor.rb:230:in `mon_synchronize'
activerecord (5.2.6) lib/active_record/connection_adapters/abstract_adapter.rb:580:in `block in log'
activesupport (5.2.6) lib/active_support/notifications/instrumenter.rb:23:in `instrument'
activerecord (5.2.6) lib/active_record/connection_adapters/abstract_adapter.rb:571:in `log'
activerecord (5.2.6) lib/active_record/connection_adapters/sqlite3_adapter.rb:212:in `exec_query'
activerecord (5.2.6) lib/active_record/connection_adapters/abstract/database_statements.rb:130:in `exec_insert'
activerecord (5.2.6) lib/active_record/connection_adapters/abstract/database_statements.rb:162:in `insert'
activerecord (5.2.6) lib/active_record/connection_adapters/abstract/query_cache.rb:21:in `insert'
activerecord (5.2.6) lib/active_record/persistence.rb:187:in `_insert_record'
activerecord (5.2.6) lib/active_record/persistence.rb:734:in `_create_record'
activerecord (5.2.6) lib/active_record/counter_cache.rb:184:in `_create_record'
activerecord (5.2.6) lib/active_record/locking/optimistic.rb:70:in `_create_record'
activerecord (5.2.6) lib/active_record/attribute_methods/dirty.rb:140:in `_create_record'
activerecord (5.2.6) lib/active_record/callbacks.rb:346:in `block in _create_record'
activesupport (5.2.6) lib/active_support/callbacks.rb:98:in `run_callbacks'
activesupport (5.2.6) lib/active_support/callbacks.rb:816:in `_run_create_callbacks'
activerecord (5.2.6) lib/active_record/callbacks.rb:346:in `_create_record'
activerecord (5.2.6) lib/active_record/timestamp.rb:102:in `_create_record'
activerecord (5.2.6) lib/active_record/persistence.rb:705:in `create_or_update'
activerecord (5.2.6) lib/active_record/callbacks.rb:342:in `block in create_or_update'
activesupport (5.2.6) lib/active_support/callbacks.rb:98:in `run_callbacks'
activesupport (5.2.6) lib/active_support/callbacks.rb:816:in `_run_save_callbacks'
activerecord (5.2.6) lib/active_record/callbacks.rb:342:in `create_or_update'
activerecord (5.2.6) lib/active_record/persistence.rb:275:in `save'
activerecord (5.2.6) lib/active_record/validations.rb:46:in `save'
activerecord (5.2.6) lib/active_record/transactions.rb:310:in `block (2 levels) in save'
activerecord (5.2.6) lib/active_record/transactions.rb:387:in `block in with_transaction_returning_status'
activerecord (5.2.6) lib/active_record/connection_adapters/abstract/database_statements.rb:267:in `block in transaction'
activerecord (5.2.6) lib/active_record/connection_adapters/abstract/transaction.rb:239:in `block in within_new_transaction'
/home/ec2-user/.rvm/rubies/ruby-2.6.3/lib/ruby/2.6.0/monitor.rb:230:in `mon_synchronize'
activerecord (5.2.6) lib/active_record/connection_adapters/abstract/transaction.rb:236:in `within_new_transaction'
activerecord (5.2.6) lib/active_record/connection_adapters/abstract/database_statements.rb:267:in `transaction'
activerecord (5.2.6) lib/active_record/transactions.rb:212:in `transaction'
activerecord (5.2.6) lib/active_record/transactions.rb:385:in `with_transaction_returning_status'
activerecord (5.2.6) lib/active_record/transactions.rb:310:in `block in save'
activerecord (5.2.6) lib/active_record/transactions.rb:325:in `rollback_active_record_state!'
activerecord (5.2.6) lib/active_record/transactions.rb:309:in `save'
activerecord (5.2.6) lib/active_record/suppressor.rb:44:in `save'
devise (4.8.0) app/controllers/devise/registrations_controller.rb:19:in `create'
actionpack (5.2.6) lib/action_controller/metal/basic_implicit_render.rb:6:in `send_action'
actionpack (5.2.6) lib/abstract_controller/base.rb:194:in `process_action'
actionpack (5.2.6) lib/action_controller/metal/rendering.rb:30:in `process_action'
actionpack (5.2.6) lib/abstract_controller/callbacks.rb:42:in `block in process_action'
activesupport (5.2.6) lib/active_support/callbacks.rb:132:in `run_callbacks'
actionpack (5.2.6) lib/abstract_controller/callbacks.rb:41:in `process_action'
actionpack (5.2.6) lib/action_controller/metal/rescue.rb:22:in `process_action'
actionpack (5.2.6) lib/action_controller/metal/instrumentation.rb:34:in `block in process_action'
activesupport (5.2.6) lib/active_support/notifications.rb:168:in `block in instrument'
activesupport (5.2.6) lib/active_support/notifications/instrumenter.rb:23:in `instrument'
activesupport (5.2.6) lib/active_support/notifications.rb:168:in `instrument'
actionpack (5.2.6) lib/action_controller/metal/instrumentation.rb:32:in `process_action'
actionpack (5.2.6) lib/action_controller/metal/params_wrapper.rb:256:in `process_action'
activerecord (5.2.6) lib/active_record/railties/controller_runtime.rb:24:in `process_action'
actionpack (5.2.6) lib/abstract_controller/base.rb:134:in `process'
actionview (5.2.6) lib/action_view/rendering.rb:32:in `process'
actionpack (5.2.6) lib/action_controller/metal.rb:191:in `dispatch'
actionpack (5.2.6) lib/action_controller/metal.rb:252:in `dispatch'
actionpack (5.2.6) lib/action_dispatch/routing/route_set.rb:52:in `dispatch'
actionpack (5.2.6) lib/action_dispatch/routing/route_set.rb:34:in `serve'
actionpack (5.2.6) lib/action_dispatch/routing/mapper.rb:18:in `block in <class:Constraints>'
actionpack (5.2.6) lib/action_dispatch/routing/mapper.rb:48:in `serve'
actionpack (5.2.6) lib/action_dispatch/journey/router.rb:52:in `block in serve'
actionpack (5.2.6) lib/action_dispatch/journey/router.rb:35:in `each'
actionpack (5.2.6) lib/action_dispatch/journey/router.rb:35:in `serve'
actionpack (5.2.6) lib/action_dispatch/routing/route_set.rb:840:in `call'
warden (1.2.9) lib/warden/manager.rb:36:in `block in call'
warden (1.2.9) lib/warden/manager.rb:34:in `catch'
warden (1.2.9) lib/warden/manager.rb:34:in `call'
rack (2.2.3) lib/rack/tempfile_reaper.rb:15:in `call'
rack (2.2.3) lib/rack/etag.rb:27:in `call'
rack (2.2.3) lib/rack/conditional_get.rb:40:in `call'
rack (2.2.3) lib/rack/head.rb:12:in `call'
actionpack (5.2.6) lib/action_dispatch/http/content_security_policy.rb:18:in `call'
rack (2.2.3) lib/rack/session/abstract/id.rb:266:in `context'
rack (2.2.3) lib/rack/session/abstract/id.rb:260:in `call'
actionpack (5.2.6) lib/action_dispatch/middleware/cookies.rb:670:in `call'
activerecord (5.2.6) lib/active_record/migration.rb:559:in `call'
actionpack (5.2.6) lib/action_dispatch/middleware/callbacks.rb:28:in `block in call'
activesupport (5.2.6) lib/active_support/callbacks.rb:98:in `run_callbacks'
actionpack (5.2.6) lib/action_dispatch/middleware/callbacks.rb:26:in `call'
actionpack (5.2.6) lib/action_dispatch/middleware/executor.rb:14:in `call'
actionpack (5.2.6) lib/action_dispatch/middleware/debug_exceptions.rb:61:in `call'
web-console (3.7.0) lib/web_console/middleware.rb:135:in `call_app'
web-console (3.7.0) lib/web_console/middleware.rb:22:in `block in call'
web-console (3.7.0) lib/web_console/middleware.rb:20:in `catch'
web-console (3.7.0) lib/web_console/middleware.rb:20:in `call'
actionpack (5.2.6) lib/action_dispatch/middleware/show_exceptions.rb:33:in `call'
railties (5.2.6) lib/rails/rack/logger.rb:38:in `call_app'
railties (5.2.6) lib/rails/rack/logger.rb:26:in `block in call'
activesupport (5.2.6) lib/active_support/tagged_logging.rb:71:in `block in tagged'
activesupport (5.2.6) lib/active_support/tagged_logging.rb:28:in `tagged'
activesupport (5.2.6) lib/active_support/tagged_logging.rb:71:in `tagged'
railties (5.2.6) lib/rails/rack/logger.rb:26:in `call'
sprockets-rails (3.2.2) lib/sprockets/rails/quiet_assets.rb:13:in `call'
actionpack (5.2.6) lib/action_dispatch/middleware/remote_ip.rb:81:in `call'
actionpack (5.2.6) lib/action_dispatch/middleware/request_id.rb:27:in `call'
rack (2.2.3) lib/rack/method_override.rb:24:in `call'
rack (2.2.3) lib/rack/runtime.rb:22:in `call'
activesupport (5.2.6) lib/active_support/cache/strategy/local_cache_middleware.rb:29:in `call'
actionpack (5.2.6) lib/action_dispatch/middleware/executor.rb:14:in `call'
actionpack (5.2.6) lib/action_dispatch/middleware/static.rb:127:in `call'
rack (2.2.3) lib/rack/sendfile.rb:110:in `call'
railties (5.2.6) lib/rails/engine.rb:524:in `call'
puma (3.12.6) lib/puma/configuration.rb:227:in `call'
puma (3.12.6) lib/puma/server.rb:706:in `handle_request'
puma (3.12.6) lib/puma/server.rb:476:in `process_client'
puma (3.12.6) lib/puma/server.rb:334:in `block in run'
puma (3.12.6) lib/puma/thread_pool.rb:135:in `block in spawn_thread'
Started POST "/members" for 153.139.136.16 at 2021-06-12 07:35:06 +0000
Cannot render console from 153.139.136.16! Allowed networks: 127.0.0.1, ::1, 127.0.0.0/127.255.255.255
  [1m[35m (0.1ms)[0m  [1m[34mSELECT "schema_migrations"."version" FROM "schema_migrations" ORDER BY "schema_migrations"."version" ASC[0m
  ‚Ü≥ /home/ec2-user/.rvm/gems/ruby-2.6.3/gems/activerecord-5.2.6/lib/active_record/log_subscriber.rb:98
Processing by Members::RegistrationsController#create as HTML
  Parameters: {"utf8"=>"‚úì", "authenticity_token"=>"kdP5pI3LAT1+KyX8r97l2iSeuGE4w4Oo6VP0QImdaFZ+qb1WLbtBUUSXUpp/WvLiiwk6MirusR7UhYNH9tjwVg==", "member"=>{"last_name"=>"ÂóöÂëº", "first_name"=>"Âîñ„ÄÖ", "last_name_kana"=>"„Ç¢„Ç¢", "first_name_kana"=>"„Ç¢„Ç¢", "email"=>"aa@gmail.com", "phone_number"=>"09012345678", "password"=>"[FILTERED]", "password_confirmation"=>"[FILTERED]"}, "commit"=>"„ÄÄ„ÄÄÊñ∞Ë¶èÁôªÈå≤„ÄÄ„ÄÄ"}
Unpermitted parameter: :phone_number
  [1m[35m (0.1ms)[0m  [1m[36mbegin transaction[0m
  ‚Ü≥ /home/ec2-user/.rvm/gems/ruby-2.6.3/gems/activerecord-5.2.6/lib/active_record/log_subscriber.rb:98
  [1m[36mMember Exists (0.2ms)[0m  [1m[34mSELECT  1 AS one FROM "members" WHERE "members"."email" = ? LIMIT ?[0m  [["email", "aa@gmail.com"], ["LIMIT", 1]]
  ‚Ü≥ /home/ec2-user/.rvm/gems/ruby-2.6.3/gems/activerecord-5.2.6/lib/active_record/log_subscriber.rb:98
  [1m[36mMember Create (0.5ms)[0m  [1m[32mINSERT INTO "members" ("email", "encrypted_password", "first_name", "last_name", "first_name_kana", "last_name_kana", "created_at", "updated_at") VALUES (?, ?, ?, ?, ?, ?, ?, ?)[0m  [["email", "aa@gmail.com"], ["encrypted_password", "$2a$12$5ZlQJTVRVMo1pC1h.TCQ5uh8j0WIVjylzit./YarkFo2/Uf3dOzNS"], ["first_name", "Âîñ„ÄÖ"], ["last_name", "ÂóöÂëº"], ["first_name_kana", "„Ç¢„Ç¢"], ["last_name_kana", "„Ç¢„Ç¢"], ["created_at", "2021-06-12 07:35:07.417592"], ["updated_at", "2021-06-12 07:35:07.417592"]]
  ‚Ü≥ /home/ec2-user/.rvm/gems/ruby-2.6.3/gems/activerecord-5.2.6/lib/active_record/log_subscriber.rb:98
  [1m[35m (0.1ms)[0m  [1m[31mrollback transaction[0m
  ‚Ü≥ /home/ec2-user/.rvm/gems/ruby-2.6.3/gems/activerecord-5.2.6/lib/active_record/log_subscriber.rb:98
Completed 500 Internal Server Error in 320ms (ActiveRecord: 1.5ms)


  
ActiveRecord::NotNullViolation (SQLite3::ConstraintException: members.telephone_number may not be NULL: INSERT INTO "members" ("email", "encrypted_password", "first_name", "last_name", "first_name_kana", "last_name_kana", "created_at", "updated_at") VALUES (?, ?, ?, ?, ?, ?, ?, ?)):
  
sqlite3 (1.4.2) lib/sqlite3/statement.rb:108:in `step'
sqlite3 (1.4.2) lib/sqlite3/statement.rb:108:in `block in each'
sqlite3 (1.4.2) lib/sqlite3/statement.rb:107:in `loop'
sqlite3 (1.4.2) lib/sqlite3/statement.rb:107:in `each'
activerecord (5.2.6) lib/active_record/connection_adapters/sqlite3_adapter.rb:222:in `to_a'
activerecord (5.2.6) lib/active_record/connection_adapters/sqlite3_adapter.rb:222:in `block (2 levels) in exec_query'
activesupport (5.2.6) lib/active_support/dependencies/interlock.rb:48:in `block in permit_concurrent_loads'
activesupport (5.2.6) lib/active_support/concurrency/share_lock.rb:187:in `yield_shares'
activesupport (5.2.6) lib/active_support/dependencies/interlock.rb:47:in `permit_concurrent_loads'
activerecord (5.2.6) lib/active_record/connection_adapters/sqlite3_adapter.rb:213:in `block in exec_query'
activerecord (5.2.6) lib/active_record/connection_adapters/abstract_adapter.rb:581:in `block (2 levels) in log'
/home/ec2-user/.rvm/rubies/ruby-2.6.3/lib/ruby/2.6.0/monitor.rb:230:in `mon_synchronize'
activerecord (5.2.6) lib/active_record/connection_adapters/abstract_adapter.rb:580:in `block in log'
activesupport (5.2.6) lib/active_support/notifications/instrumenter.rb:23:in `instrument'
activerecord (5.2.6) lib/active_record/connection_adapters/abstract_adapter.rb:571:in `log'
activerecord (5.2.6) lib/active_record/connection_adapters/sqlite3_adapter.rb:212:in `exec_query'
activerecord (5.2.6) lib/active_record/connection_adapters/abstract/database_statements.rb:130:in `exec_insert'
activerecord (5.2.6) lib/active_record/connection_adapters/abstract/database_statements.rb:162:in `insert'
activerecord (5.2.6) lib/active_record/connection_adapters/abstract/query_cache.rb:21:in `insert'
activerecord (5.2.6) lib/active_record/persistence.rb:187:in `_insert_record'
activerecord (5.2.6) lib/active_record/persistence.rb:734:in `_create_record'
activerecord (5.2.6) lib/active_record/counter_cache.rb:184:in `_create_record'
activerecord (5.2.6) lib/active_record/locking/optimistic.rb:70:in `_create_record'
activerecord (5.2.6) lib/active_record/attribute_methods/dirty.rb:140:in `_create_record'
activerecord (5.2.6) lib/active_record/callbacks.rb:346:in `block in _create_record'
activesupport (5.2.6) lib/active_support/callbacks.rb:98:in `run_callbacks'
activesupport (5.2.6) lib/active_support/callbacks.rb:816:in `_run_create_callbacks'
activerecord (5.2.6) lib/active_record/callbacks.rb:346:in `_create_record'
activerecord (5.2.6) lib/active_record/timestamp.rb:102:in `_create_record'
activerecord (5.2.6) lib/active_record/persistence.rb:705:in `create_or_update'
activerecord (5.2.6) lib/active_record/callbacks.rb:342:in `block in create_or_update'
activesupport (5.2.6) lib/active_support/callbacks.rb:98:in `run_callbacks'
activesupport (5.2.6) lib/active_support/callbacks.rb:816:in `_run_save_callbacks'
activerecord (5.2.6) lib/active_record/callbacks.rb:342:in `create_or_update'
activerecord (5.2.6) lib/active_record/persistence.rb:275:in `save'
activerecord (5.2.6) lib/active_record/validations.rb:46:in `save'
activerecord (5.2.6) lib/active_record/transactions.rb:310:in `block (2 levels) in save'
activerecord (5.2.6) lib/active_record/transactions.rb:387:in `block in with_transaction_returning_status'
activerecord (5.2.6) lib/active_record/connection_adapters/abstract/database_statements.rb:267:in `block in transaction'
activerecord (5.2.6) lib/active_record/connection_adapters/abstract/transaction.rb:239:in `block in within_new_transaction'
/home/ec2-user/.rvm/rubies/ruby-2.6.3/lib/ruby/2.6.0/monitor.rb:230:in `mon_synchronize'
activerecord (5.2.6) lib/active_record/connection_adapters/abstract/transaction.rb:236:in `within_new_transaction'
activerecord (5.2.6) lib/active_record/connection_adapters/abstract/database_statements.rb:267:in `transaction'
activerecord (5.2.6) lib/active_record/transactions.rb:212:in `transaction'
activerecord (5.2.6) lib/active_record/transactions.rb:385:in `with_transaction_returning_status'
activerecord (5.2.6) lib/active_record/transactions.rb:310:in `block in save'
activerecord (5.2.6) lib/active_record/transactions.rb:325:in `rollback_active_record_state!'
activerecord (5.2.6) lib/active_record/transactions.rb:309:in `save'
activerecord (5.2.6) lib/active_record/suppressor.rb:44:in `save'
devise (4.8.0) app/controllers/devise/registrations_controller.rb:19:in `create'
actionpack (5.2.6) lib/action_controller/metal/basic_implicit_render.rb:6:in `send_action'
actionpack (5.2.6) lib/abstract_controller/base.rb:194:in `process_action'
actionpack (5.2.6) lib/action_controller/metal/rendering.rb:30:in `process_action'
actionpack (5.2.6) lib/abstract_controller/callbacks.rb:42:in `block in process_action'
activesupport (5.2.6) lib/active_support/callbacks.rb:132:in `run_callbacks'
actionpack (5.2.6) lib/abstract_controller/callbacks.rb:41:in `process_action'
actionpack (5.2.6) lib/action_controller/metal/rescue.rb:22:in `process_action'
actionpack (5.2.6) lib/action_controller/metal/instrumentation.rb:34:in `block in process_action'
activesupport (5.2.6) lib/active_support/notifications.rb:168:in `block in instrument'
activesupport (5.2.6) lib/active_support/notifications/instrumenter.rb:23:in `instrument'
activesupport (5.2.6) lib/active_support/notifications.rb:168:in `instrument'
actionpack (5.2.6) lib/action_controller/metal/instrumentation.rb:32:in `process_action'
actionpack (5.2.6) lib/action_controller/metal/params_wrapper.rb:256:in `process_action'
activerecord (5.2.6) lib/active_record/railties/controller_runtime.rb:24:in `process_action'
actionpack (5.2.6) lib/abstract_controller/base.rb:134:in `process'
actionview (5.2.6) lib/action_view/rendering.rb:32:in `process'
actionpack (5.2.6) lib/action_controller/metal.rb:191:in `dispatch'
actionpack (5.2.6) lib/action_controller/metal.rb:252:in `dispatch'
actionpack (5.2.6) lib/action_dispatch/routing/route_set.rb:52:in `dispatch'
actionpack (5.2.6) lib/action_dispatch/routing/route_set.rb:34:in `serve'
actionpack (5.2.6) lib/action_dispatch/routing/mapper.rb:18:in `block in <class:Constraints>'
actionpack (5.2.6) lib/action_dispatch/routing/mapper.rb:48:in `serve'
actionpack (5.2.6) lib/action_dispatch/journey/router.rb:52:in `block in serve'
actionpack (5.2.6) lib/action_dispatch/journey/router.rb:35:in `each'
actionpack (5.2.6) lib/action_dispatch/journey/router.rb:35:in `serve'
actionpack (5.2.6) lib/action_dispatch/routing/route_set.rb:840:in `call'
warden (1.2.9) lib/warden/manager.rb:36:in `block in call'
warden (1.2.9) lib/warden/manager.rb:34:in `catch'
warden (1.2.9) lib/warden/manager.rb:34:in `call'
rack (2.2.3) lib/rack/tempfile_reaper.rb:15:in `call'
rack (2.2.3) lib/rack/etag.rb:27:in `call'
rack (2.2.3) lib/rack/conditional_get.rb:40:in `call'
rack (2.2.3) lib/rack/head.rb:12:in `call'
actionpack (5.2.6) lib/action_dispatch/http/content_security_policy.rb:18:in `call'
rack (2.2.3) lib/rack/session/abstract/id.rb:266:in `context'
rack (2.2.3) lib/rack/session/abstract/id.rb:260:in `call'
actionpack (5.2.6) lib/action_dispatch/middleware/cookies.rb:670:in `call'
activerecord (5.2.6) lib/active_record/migration.rb:559:in `call'
actionpack (5.2.6) lib/action_dispatch/middleware/callbacks.rb:28:in `block in call'
activesupport (5.2.6) lib/active_support/callbacks.rb:98:in `run_callbacks'
actionpack (5.2.6) lib/action_dispatch/middleware/callbacks.rb:26:in `call'
actionpack (5.2.6) lib/action_dispatch/middleware/executor.rb:14:in `call'
actionpack (5.2.6) lib/action_dispatch/middleware/debug_exceptions.rb:61:in `call'
web-console (3.7.0) lib/web_console/middleware.rb:135:in `call_app'
web-console (3.7.0) lib/web_console/middleware.rb:22:in `block in call'
web-console (3.7.0) lib/web_console/middleware.rb:20:in `catch'
web-console (3.7.0) lib/web_console/middleware.rb:20:in `call'
actionpack (5.2.6) lib/action_dispatch/middleware/show_exceptions.rb:33:in `call'
railties (5.2.6) lib/rails/rack/logger.rb:38:in `call_app'
railties (5.2.6) lib/rails/rack/logger.rb:26:in `block in call'
activesupport (5.2.6) lib/active_support/tagged_logging.rb:71:in `block in tagged'
activesupport (5.2.6) lib/active_support/tagged_logging.rb:28:in `tagged'
activesupport (5.2.6) lib/active_support/tagged_logging.rb:71:in `tagged'
railties (5.2.6) lib/rails/rack/logger.rb:26:in `call'
sprockets-rails (3.2.2) lib/sprockets/rails/quiet_assets.rb:13:in `call'
actionpack (5.2.6) lib/action_dispatch/middleware/remote_ip.rb:81:in `call'
actionpack (5.2.6) lib/action_dispatch/middleware/request_id.rb:27:in `call'
rack (2.2.3) lib/rack/method_override.rb:24:in `call'
rack (2.2.3) lib/rack/runtime.rb:22:in `call'
activesupport (5.2.6) lib/active_support/cache/strategy/local_cache_middleware.rb:29:in `call'
actionpack (5.2.6) lib/action_dispatch/middleware/executor.rb:14:in `call'
actionpack (5.2.6) lib/action_dispatch/middleware/static.rb:127:in `call'
rack (2.2.3) lib/rack/sendfile.rb:110:in `call'
railties (5.2.6) lib/rails/engine.rb:524:in `call'
puma (3.12.6) lib/puma/configuration.rb:227:in `call'
puma (3.12.6) lib/puma/server.rb:706:in `handle_request'
puma (3.12.6) lib/puma/server.rb:476:in `process_client'
puma (3.12.6) lib/puma/server.rb:334:in `block in run'
puma (3.12.6) lib/puma/thread_pool.rb:135:in `block in spawn_thread'
Started GET "/members/sign_up" for 153.139.136.16 at 2021-06-12 07:35:18 +0000
Cannot render console from 153.139.136.16! Allowed networks: 127.0.0.1, ::1, 127.0.0.0/127.255.255.255
Processing by Members::RegistrationsController#new as HTML
  Rendering members/registrations/new.html.erb within layouts/application
  Rendered members/registrations/new.html.erb within layouts/application (96.8ms)
Completed 200 OK in 466ms (Views: 464.9ms | ActiveRecord: 0.0ms)


Started GET "/members/sign_in" for 153.139.136.16 at 2021-06-12 07:35:32 +0000
Cannot render console from 153.139.136.16! Allowed networks: 127.0.0.1, ::1, 127.0.0.0/127.255.255.255
Processing by Members::SessionsController#new as HTML
  Rendering members/sessions/new.html.erb within layouts/application
  Rendered members/shared/_links.html.erb (1.0ms)
  Rendered members/sessions/new.html.erb within layouts/application (7.9ms)
Completed 200 OK in 69ms (Views: 68.0ms | ActiveRecord: 0.0ms)


Started GET "/" for 153.139.136.16 at 2021-06-12 07:35:36 +0000
Cannot render console from 153.139.136.16! Allowed networks: 127.0.0.1, ::1, 127.0.0.0/127.255.255.255
Processing by Public::HomesController#top as HTML
  Rendering public/homes/top.html.erb within layouts/application
  Rendered public/homes/top.html.erb within layouts/application (0.5ms)
Completed 200 OK in 71ms (Views: 70.5ms | ActiveRecord: 0.0ms)


Started GET "/members/sign_up" for 153.139.136.16 at 2021-06-12 07:35:38 +0000
Cannot render console from 153.139.136.16! Allowed networks: 127.0.0.1, ::1, 127.0.0.0/127.255.255.255
Processing by Members::RegistrationsController#new as HTML
  Rendering members/registrations/new.html.erb within layouts/application
  Rendered members/registrations/new.html.erb within layouts/application (3.1ms)
Completed 200 OK in 68ms (Views: 66.7ms | ActiveRecord: 0.0ms)


Started POST "/members" for 153.139.136.16 at 2021-06-12 07:36:23 +0000
Cannot render console from 153.139.136.16! Allowed networks: 127.0.0.1, ::1, 127.0.0.0/127.255.255.255
Processing by Members::RegistrationsController#create as HTML
  Parameters: {"utf8"=>"‚úì", "authenticity_token"=>"5BHdpki+KSsk5+xM1YbGl6J9pxQ9yCIyhEZFR2kAM7PMEamWvCOjxmLwBHGU6DokKIMYfOI64OZrkF6OkOtAlQ==", "member"=>{"last_name"=>"ÂóöÂëº", "first_name"=>"Âîñ„ÄÖ", "last_name_kana"=>"„Ç¢„Ç¢", "first_name_kana"=>"„Ç¢„Ç¢", "email"=>"aa@gmail.com", "telephone_number"=>"09112345678", "password"=>"[FILTERED]", "password_confirmation"=>"[FILTERED]"}, "commit"=>"„ÄÄ„ÄÄÊñ∞Ë¶èÁôªÈå≤„ÄÄ„ÄÄ"}
  [1m[35m (0.1ms)[0m  [1m[36mbegin transaction[0m
  ‚Ü≥ /home/ec2-user/.rvm/gems/ruby-2.6.3/gems/activerecord-5.2.6/lib/active_record/log_subscriber.rb:98
  [1m[36mMember Exists (0.2ms)[0m  [1m[34mSELECT  1 AS one FROM "members" WHERE "members"."email" = ? LIMIT ?[0m  [["email", "aa@gmail.com"], ["LIMIT", 1]]
  ‚Ü≥ /home/ec2-user/.rvm/gems/ruby-2.6.3/gems/activerecord-5.2.6/lib/active_record/log_subscriber.rb:98
  [1m[36mMember Create (1.6ms)[0m  [1m[32mINSERT INTO "members" ("email", "encrypted_password", "first_name", "last_name", "first_name_kana", "last_name_kana", "telephone_number", "created_at", "updated_at") VALUES (?, ?, ?, ?, ?, ?, ?, ?, ?)[0m  [["email", "aa@gmail.com"], ["encrypted_password", "$2a$12$kDay/Y4mseqEyysuQrMSIOCsBiEpJf7oAC4LpmdGyP3E.lgufG2.e"], ["first_name", "Âîñ„ÄÖ"], ["last_name", "ÂóöÂëº"], ["first_name_kana", "„Ç¢„Ç¢"], ["last_name_kana", "„Ç¢„Ç¢"], ["telephone_number", "09112345678"], ["created_at", "2021-06-12 07:36:23.843840"], ["updated_at", "2021-06-12 07:36:23.843840"]]
  ‚Ü≥ /home/ec2-user/.rvm/gems/ruby-2.6.3/gems/activerecord-5.2.6/lib/active_record/log_subscriber.rb:98
  [1m[35m (3.5ms)[0m  [1m[36mcommit transaction[0m
  ‚Ü≥ /home/ec2-user/.rvm/gems/ruby-2.6.3/gems/activerecord-5.2.6/lib/active_record/log_subscriber.rb:98
Redirected to https://aeda2ff083be4f749e28bc0fda130121.vfs.cloud9.us-east-2.amazonaws.com/
Completed 302 Found in 303ms (ActiveRecord: 5.4ms)


Started GET "/" for 153.139.136.16 at 2021-06-12 07:36:24 +0000
Cannot render console from 153.139.136.16! Allowed networks: 127.0.0.1, ::1, 127.0.0.0/127.255.255.255
Processing by Public::HomesController#top as HTML
  Rendering public/homes/top.html.erb within layouts/application
  Rendered public/homes/top.html.erb within layouts/application (0.5ms)
  [1m[36mMember Load (0.2ms)[0m  [1m[34mSELECT  "members".* FROM "members" WHERE "members"."id" = ? ORDER BY "members"."id" ASC LIMIT ?[0m  [["id", 1], ["LIMIT", 1]]
  ‚Ü≥ app/views/layouts/application.html.erb:23
Completed 500 Internal Server Error in 281ms (ActiveRecord: 0.2ms)


  
ActionView::Template::Error (undefined method `public_member_path' for #<#<Class:0x00007f6f540404f0>:0x00007f6f3c069a20>
Did you mean?  public_method):
    21:           <nav>
    22:           <ul class="navbar-nav ml-auto p-3">
    23:           <% if member_signed_in? %>
    24:           <li class="nav-item"><%= link_to "„Éû„Ç§„Éö„Éº„Ç∏",public_member_path(current_member), class: 'text-dark' %></li>
    25:           <li class="nav-item"><%= link_to "„Ç§„Éô„É≥„Éà‰∏ÄË¶ß",public_projects_path, class: 'text-dark' %></li>
    26:           <li class="nav-item"><%= link_to "„Ç´„Éº„Éà",public_cart_products_path, class: 'text-dark' %></li>
    27:           <li class="nav-item"><%= link_to "„É≠„Ç∞„Ç¢„Ç¶„Éà",destroy_member_session_path, method: :delete, class: 'text-dark' %></li>
  
app/views/layouts/application.html.erb:24:in `_app_views_layouts_application_html_erb___2759579914327380954_70057862609160'
Started GET "/" for 153.139.136.16 at 2021-06-12 07:42:50 +0000
Cannot render console from 153.139.136.16! Allowed networks: 127.0.0.1, ::1, 127.0.0.0/127.255.255.255
  [1m[35m (0.1ms)[0m  [1m[34mSELECT "schema_migrations"."version" FROM "schema_migrations" ORDER BY "schema_migrations"."version" ASC[0m
  ‚Ü≥ /home/ec2-user/.rvm/gems/ruby-2.6.3/gems/activerecord-5.2.6/lib/active_record/log_subscriber.rb:98
Processing by Public::HomesController#top as HTML
  Rendering public/homes/top.html.erb within layouts/application
  Rendered public/homes/top.html.erb within layouts/application (0.8ms)
  [1m[36mMember Load (0.2ms)[0m  [1m[34mSELECT  "members".* FROM "members" WHERE "members"."id" = ? ORDER BY "members"."id" ASC LIMIT ?[0m  [["id", 1], ["LIMIT", 1]]
  ‚Ü≥ app/views/layouts/application.html.erb:23
Completed 500 Internal Server Error in 1003ms (ActiveRecord: 0.9ms)


  
ActionView::Template::Error (undefined local variable or method `current_customer' for #<#<Class:0x0000000006219868>:0x0000000006271d88>
Did you mean?  current_member):
    21:           <nav>
    22:           <ul class="navbar-nav ml-auto p-3">
    23:           <% if member_signed_in? %>
    24:           <li class="nav-item"><%= link_to "„Éû„Ç§„Éö„Éº„Ç∏",customer_path(current_customer), class: 'text-dark' %></li>
    25:           <li class="nav-item"><%= link_to "„Ç§„Éô„É≥„Éà‰∏ÄË¶ß",public_projects_path, class: 'text-dark' %></li>
    26:           <li class="nav-item"><%= link_to "„Ç´„Éº„Éà",public_cart_products_path, class: 'text-dark' %></li>
    27:           <li class="nav-item"><%= link_to "„É≠„Ç∞„Ç¢„Ç¶„Éà",destroy_member_session_path, method: :delete, class: 'text-dark' %></li>
  
app/views/layouts/application.html.erb:24:in `_app_views_layouts_application_html_erb__2823719689635584848_69939014674420'
Started GET "/" for 153.139.136.16 at 2021-06-12 07:47:20 +0000
Cannot render console from 153.139.136.16! Allowed networks: 127.0.0.1, ::1, 127.0.0.0/127.255.255.255
  [1m[35m (0.1ms)[0m  [1m[34mSELECT "schema_migrations"."version" FROM "schema_migrations" ORDER BY "schema_migrations"."version" ASC[0m
  ‚Ü≥ /home/ec2-user/.rvm/gems/ruby-2.6.3/gems/activerecord-5.2.6/lib/active_record/log_subscriber.rb:98
Processing by Public::HomesController#top as HTML
  Rendering public/homes/top.html.erb within layouts/application
  Rendered public/homes/top.html.erb within layouts/application (0.7ms)
  [1m[36mMember Load (0.2ms)[0m  [1m[34mSELECT  "members".* FROM "members" WHERE "members"."id" = ? ORDER BY "members"."id" ASC LIMIT ?[0m  [["id", 1], ["LIMIT", 1]]
  ‚Ü≥ app/views/layouts/application.html.erb:23
Completed 500 Internal Server Error in 953ms (ActiveRecord: 0.9ms)


  
ActionView::Template::Error (undefined local variable or method `public_projects_path' for #<#<Class:0x0000000003f7d818>:0x0000000003f84938>
Did you mean?  public_compute_asset_path):
    22:           <ul class="navbar-nav ml-auto p-3">
    23:           <% if member_signed_in? %>
    24:           <li class="nav-item"><%= link_to "„Éû„Ç§„Éö„Éº„Ç∏",member_path(current_member), class: 'text-dark' %></li>
    25:           <li class="nav-item"><%= link_to "„Ç§„Éô„É≥„Éà‰∏ÄË¶ß",public_projects_path, class: 'text-dark' %></li>
    26:           <li class="nav-item"><%= link_to "„Ç´„Éº„Éà",public_cart_products_path, class: 'text-dark' %></li>
    27:           <li class="nav-item"><%= link_to "„É≠„Ç∞„Ç¢„Ç¶„Éà",destroy_member_session_path, method: :delete, class: 'text-dark' %></li>
    28:           <% elsif admin_signed_in? %>
  
app/views/layouts/application.html.erb:25:in `_app_views_layouts_application_html_erb__2937514838510369673_33354400'
Started GET "/" for 153.139.136.16 at 2021-06-12 07:48:01 +0000
Cannot render console from 153.139.136.16! Allowed networks: 127.0.0.1, ::1, 127.0.0.0/127.255.255.255
Processing by Public::HomesController#top as HTML
  Rendering public/homes/top.html.erb within layouts/application
  Rendered public/homes/top.html.erb within layouts/application (0.8ms)
  [1m[36mMember Load (0.1ms)[0m  [1m[34mSELECT  "members".* FROM "members" WHERE "members"."id" = ? ORDER BY "members"."id" ASC LIMIT ?[0m  [["id", 1], ["LIMIT", 1]]
  ‚Ü≥ app/views/layouts/application.html.erb:23
Completed 500 Internal Server Error in 472ms (ActiveRecord: 0.1ms)


  
ActionView::Template::Error (undefined local variable or method `public_cart_products_path' for #<#<Class:0x0000000003f7d818>:0x00007fb9513323b0>
Did you mean?  public_compute_asset_path):
    23:           <% if member_signed_in? %>
    24:           <li class="nav-item"><%= link_to "„Éû„Ç§„Éö„Éº„Ç∏",member_path(current_member), class: 'text-dark' %></li>
    25:           <li class="nav-item"><%= link_to "„Ç§„Éô„É≥„Éà‰∏ÄË¶ß",projects_path, class: 'text-dark' %></li>
    26:           <li class="nav-item"><%= link_to "„Ç´„Éº„Éà",public_cart_products_path, class: 'text-dark' %></li>
    27:           <li class="nav-item"><%= link_to "„É≠„Ç∞„Ç¢„Ç¶„Éà",destroy_member_session_path, method: :delete, class: 'text-dark' %></li>
    28:           <% elsif admin_signed_in? %>
    29:           <li class="nav-item"><%= link_to "„Ç§„Éô„É≥„Éà‰∏ÄË¶ß",admin_projects_path, class: 'text-dark' %></li>
  
app/views/layouts/application.html.erb:26:in `_app_views_layouts_application_html_erb__2937514838510369673_70216954048880'
Started GET "/" for 153.139.136.16 at 2021-06-12 07:48:41 +0000
Cannot render console from 153.139.136.16! Allowed networks: 127.0.0.1, ::1, 127.0.0.0/127.255.255.255
Processing by Public::HomesController#top as HTML
  Rendering public/homes/top.html.erb within layouts/application
  Rendered public/homes/top.html.erb within layouts/application (0.5ms)
  [1m[36mMember Load (0.1ms)[0m  [1m[34mSELECT  "members".* FROM "members" WHERE "members"."id" = ? ORDER BY "members"."id" ASC LIMIT ?[0m  [["id", 1], ["LIMIT", 1]]
  ‚Ü≥ app/views/layouts/application.html.erb:23
Completed 200 OK in 61ms (Views: 60.3ms | ActiveRecord: 0.1ms)


Started GET "/" for 153.139.136.16 at 2021-06-12 07:49:56 +0000
Cannot render console from 153.139.136.16! Allowed networks: 127.0.0.1, ::1, 127.0.0.0/127.255.255.255
Processing by Public::HomesController#top as HTML
  Rendering public/homes/top.html.erb within layouts/application
  Rendered public/homes/top.html.erb within layouts/application (0.5ms)
  [1m[36mMember Load (0.1ms)[0m  [1m[34mSELECT  "members".* FROM "members" WHERE "members"."id" = ? ORDER BY "members"."id" ASC LIMIT ?[0m  [["id", 1], ["LIMIT", 1]]
  ‚Ü≥ app/views/layouts/application.html.erb:23
Completed 200 OK in 87ms (Views: 86.2ms | ActiveRecord: 0.1ms)


